<html>
<head>
<title>TestNG:  hydro</title>
<link href="../testng.css" rel="stylesheet" type="text/css" />
<link href="../my-testng.css" rel="stylesheet" type="text/css" />

<style type="text/css">
.log { display: none;} 
.stack-trace { display: none;} 
</style>
<script type="text/javascript">
<!--
function flip(e) {
  current = e.style.display;
  if (current == 'block') {
    e.style.display = 'none';
    return 0;
  }
  else {
    e.style.display = 'block';
    return 1;
  }
}

function toggleBox(szDivId, elem, msg1, msg2)
{
  var res = -1;  if (document.getElementById) {
    res = flip(document.getElementById(szDivId));
  }
  else if (document.all) {
    // this is the way old msie versions work
    res = flip(document.all[szDivId]);
  }
  if(elem) {
    if(res == 0) elem.innerHTML = msg1; else elem.innerHTML = msg2;
  }

}

function toggleAllBoxes() {
  if (document.getElementsByTagName) {
    d = document.getElementsByTagName('div');
    for (i = 0; i < d.length; i++) {
      if (d[i].className == 'log') {
        flip(d[i]);
      }
    }
  }
}

// -->
</script>

</head>
<body>
<h2 align='center'>hydro</h2><table border='1' align="center">
<tr>
<td>Tests passed/Failed/Skipped:</td><td>4/3/28</td>
</tr><tr>
<td>Started on:</td><td>Wed Sep 25 15:55:35 IST 2024</td>
</tr>
<tr><td>Total time:</td><td>295 seconds (295503 ms)</td>
</tr><tr>
<td>Included groups:</td><td></td>
</tr><tr>
<td>Excluded groups:</td><td></td>
</tr>
</table><p/>
<small><i>(Hover the method name to see the test class name)</i></small><p/>
<table width='100%' border='1' class='invocation-failed'>
<tr><td colspan='4' align='center'><b>FAILED CONFIGURATIONS</b></td></tr>
<tr><td><b>Test method</b></td>
<td width="30%"><b>Exception</b></td>
<td width="10%"><b>Time (seconds)</b></td>
<td><b>Instance</b></td>
</tr>
<tr>
<td title='tests.HydroPlusTableDataTest.signIn()'><b>signIn</b><br>Test class: tests.HydroPlusTableDataTest</td>
<td><div><pre>java.lang.NullPointerException: Cannot invoke &quot;pages.Homepage.goToSignIn()&quot; because &quot;this.homepage&quot; is null
	at tests.HydroPlusTableDataTest.signIn(HydroPlusTableDataTest.java:31)
	at java.base/java.util.concurrent.ThreadPoolExecutor.runWorker(ThreadPoolExecutor.java:1136)
	at java.base/java.util.concurrent.ThreadPoolExecutor$Worker.run(ThreadPoolExecutor.java:635)
	at java.base/java.lang.Thread.run(Thread.java:842)
... Removed 10 stack frames</pre></div><a href='#' onClick='toggleBox("stack-trace1458174810", this, "Click to show all stack frames", "Click to hide stack frames")'>Click to show all stack frames</a>
<div class='stack-trace' id='stack-trace1458174810'><pre>java.lang.NullPointerException: Cannot invoke &quot;pages.Homepage.goToSignIn()&quot; because &quot;this.homepage&quot; is null
	at tests.HydroPlusTableDataTest.signIn(HydroPlusTableDataTest.java:31)
	at java.base/jdk.internal.reflect.NativeMethodAccessorImpl.invoke0(Native Method)
	at java.base/jdk.internal.reflect.NativeMethodAccessorImpl.invoke(NativeMethodAccessorImpl.java:77)
	at java.base/jdk.internal.reflect.DelegatingMethodAccessorImpl.invoke(DelegatingMethodAccessorImpl.java:43)
	at java.base/java.lang.reflect.Method.invoke(Method.java:568)
	at org.testng.internal.MethodInvocationHelper.invokeMethod(MethodInvocationHelper.java:133)
	at org.testng.internal.MethodInvocationHelper.invokeMethodConsideringTimeout(MethodInvocationHelper.java:62)
	at org.testng.internal.ConfigInvoker.invokeConfigurationMethod(ConfigInvoker.java:385)
	at org.testng.internal.ConfigInvoker.invokeConfigurations(ConfigInvoker.java:321)
	at org.testng.internal.TestMethodWorker.invokeBeforeClassMethods(TestMethodWorker.java:176)
	at org.testng.internal.TestMethodWorker.run(TestMethodWorker.java:122)
	at java.base/java.util.concurrent.ThreadPoolExecutor.runWorker(ThreadPoolExecutor.java:1136)
	at java.base/java.util.concurrent.ThreadPoolExecutor$Worker.run(ThreadPoolExecutor.java:635)
	at java.base/java.lang.Thread.run(Thread.java:842)
</pre></div></td>
<td>0</td>
<td>tests.HydroPlusTableDataTest@3c41ed1d</td></tr>
<tr>
<td title='tests.ManageNodesAmountsAndRewardsTest.signIn()'><b>signIn</b><br>Test class: tests.ManageNodesAmountsAndRewardsTest</td>
<td><div><pre>java.lang.NullPointerException: Cannot invoke &quot;pages.Homepage.goToSignIn()&quot; because &quot;this.homepage&quot; is null
	at tests.ManageNodesAmountsAndRewardsTest.signIn(ManageNodesAmountsAndRewardsTest.java:29)
	at java.base/java.util.concurrent.ThreadPoolExecutor.runWorker(ThreadPoolExecutor.java:1136)
	at java.base/java.util.concurrent.ThreadPoolExecutor$Worker.run(ThreadPoolExecutor.java:635)
	at java.base/java.lang.Thread.run(Thread.java:842)
... Removed 10 stack frames</pre></div><a href='#' onClick='toggleBox("stack-trace1590850184", this, "Click to show all stack frames", "Click to hide stack frames")'>Click to show all stack frames</a>
<div class='stack-trace' id='stack-trace1590850184'><pre>java.lang.NullPointerException: Cannot invoke &quot;pages.Homepage.goToSignIn()&quot; because &quot;this.homepage&quot; is null
	at tests.ManageNodesAmountsAndRewardsTest.signIn(ManageNodesAmountsAndRewardsTest.java:29)
	at java.base/jdk.internal.reflect.NativeMethodAccessorImpl.invoke0(Native Method)
	at java.base/jdk.internal.reflect.NativeMethodAccessorImpl.invoke(NativeMethodAccessorImpl.java:77)
	at java.base/jdk.internal.reflect.DelegatingMethodAccessorImpl.invoke(DelegatingMethodAccessorImpl.java:43)
	at java.base/java.lang.reflect.Method.invoke(Method.java:568)
	at org.testng.internal.MethodInvocationHelper.invokeMethod(MethodInvocationHelper.java:133)
	at org.testng.internal.MethodInvocationHelper.invokeMethodConsideringTimeout(MethodInvocationHelper.java:62)
	at org.testng.internal.ConfigInvoker.invokeConfigurationMethod(ConfigInvoker.java:385)
	at org.testng.internal.ConfigInvoker.invokeConfigurations(ConfigInvoker.java:321)
	at org.testng.internal.TestMethodWorker.invokeBeforeClassMethods(TestMethodWorker.java:176)
	at org.testng.internal.TestMethodWorker.run(TestMethodWorker.java:122)
	at java.base/java.util.concurrent.ThreadPoolExecutor.runWorker(ThreadPoolExecutor.java:1136)
	at java.base/java.util.concurrent.ThreadPoolExecutor$Worker.run(ThreadPoolExecutor.java:635)
	at java.base/java.lang.Thread.run(Thread.java:842)
</pre></div></td>
<td>0</td>
<td>tests.ManageNodesAmountsAndRewardsTest@54d9d12d</td></tr>
<tr>
<td title='tests.MyWebsitesTileDataTest.signIn()'><b>signIn</b><br>Test class: tests.MyWebsitesTileDataTest</td>
<td><div><pre>java.lang.NullPointerException: Cannot invoke &quot;pages.Homepage.goToSignIn()&quot; because &quot;this.homepage&quot; is null
	at tests.MyWebsitesTileDataTest.signIn(MyWebsitesTileDataTest.java:26)
	at java.base/java.util.concurrent.ThreadPoolExecutor.runWorker(ThreadPoolExecutor.java:1136)
	at java.base/java.util.concurrent.ThreadPoolExecutor$Worker.run(ThreadPoolExecutor.java:635)
	at java.base/java.lang.Thread.run(Thread.java:842)
... Removed 10 stack frames</pre></div><a href='#' onClick='toggleBox("stack-trace1382803937", this, "Click to show all stack frames", "Click to hide stack frames")'>Click to show all stack frames</a>
<div class='stack-trace' id='stack-trace1382803937'><pre>java.lang.NullPointerException: Cannot invoke &quot;pages.Homepage.goToSignIn()&quot; because &quot;this.homepage&quot; is null
	at tests.MyWebsitesTileDataTest.signIn(MyWebsitesTileDataTest.java:26)
	at java.base/jdk.internal.reflect.NativeMethodAccessorImpl.invoke0(Native Method)
	at java.base/jdk.internal.reflect.NativeMethodAccessorImpl.invoke(NativeMethodAccessorImpl.java:77)
	at java.base/jdk.internal.reflect.DelegatingMethodAccessorImpl.invoke(DelegatingMethodAccessorImpl.java:43)
	at java.base/java.lang.reflect.Method.invoke(Method.java:568)
	at org.testng.internal.MethodInvocationHelper.invokeMethod(MethodInvocationHelper.java:133)
	at org.testng.internal.MethodInvocationHelper.invokeMethodConsideringTimeout(MethodInvocationHelper.java:62)
	at org.testng.internal.ConfigInvoker.invokeConfigurationMethod(ConfigInvoker.java:385)
	at org.testng.internal.ConfigInvoker.invokeConfigurations(ConfigInvoker.java:321)
	at org.testng.internal.TestMethodWorker.invokeBeforeClassMethods(TestMethodWorker.java:176)
	at org.testng.internal.TestMethodWorker.run(TestMethodWorker.java:122)
	at java.base/java.util.concurrent.ThreadPoolExecutor.runWorker(ThreadPoolExecutor.java:1136)
	at java.base/java.util.concurrent.ThreadPoolExecutor$Worker.run(ThreadPoolExecutor.java:635)
	at java.base/java.lang.Thread.run(Thread.java:842)
</pre></div></td>
<td>0</td>
<td>tests.MyWebsitesTileDataTest@38425407</td></tr>
</table><p>
<table width='100%' border='1' class='invocation-failed'>
<tr><td colspan='4' align='center'><b>FAILED TESTS</b></td></tr>
<tr><td><b>Test method</b></td>
<td width="30%"><b>Exception</b></td>
<td width="10%"><b>Time (seconds)</b></td>
<td><b>Instance</b></td>
</tr>
<tr>
<td title='tests.ChangePasswordTest.toVerifySetNewPassword()'><b>toVerifySetNewPassword</b><br>Test class: tests.ChangePasswordTest</td>
<td><div><pre>java.lang.NullPointerException: Cannot invoke &quot;pages.Homepage.goToSignIn()&quot; because &quot;this.homepage&quot; is null
	at tests.ChangePasswordTest.toVerifySetNewPassword(ChangePasswordTest.java:28)
	at java.base/java.util.concurrent.ThreadPoolExecutor.runWorker(ThreadPoolExecutor.java:1136)
	at java.base/java.util.concurrent.ThreadPoolExecutor$Worker.run(ThreadPoolExecutor.java:635)
	at java.base/java.lang.Thread.run(Thread.java:842)
... Removed 12 stack frames</pre></div><a href='#' onClick='toggleBox("stack-trace1368005963", this, "Click to show all stack frames", "Click to hide stack frames")'>Click to show all stack frames</a>
<div class='stack-trace' id='stack-trace1368005963'><pre>java.lang.NullPointerException: Cannot invoke &quot;pages.Homepage.goToSignIn()&quot; because &quot;this.homepage&quot; is null
	at tests.ChangePasswordTest.toVerifySetNewPassword(ChangePasswordTest.java:28)
	at java.base/jdk.internal.reflect.NativeMethodAccessorImpl.invoke0(Native Method)
	at java.base/jdk.internal.reflect.NativeMethodAccessorImpl.invoke(NativeMethodAccessorImpl.java:77)
	at java.base/jdk.internal.reflect.DelegatingMethodAccessorImpl.invoke(DelegatingMethodAccessorImpl.java:43)
	at java.base/java.lang.reflect.Method.invoke(Method.java:568)
	at org.testng.internal.MethodInvocationHelper.invokeMethod(MethodInvocationHelper.java:133)
	at org.testng.internal.TestInvoker.invokeMethod(TestInvoker.java:598)
	at org.testng.internal.TestInvoker.invokeTestMethod(TestInvoker.java:173)
	at org.testng.internal.MethodRunner.runInSequence(MethodRunner.java:46)
	at org.testng.internal.TestInvoker$MethodInvocationAgent.invoke(TestInvoker.java:824)
	at org.testng.internal.TestInvoker.invokeTestMethods(TestInvoker.java:146)
	at org.testng.internal.TestMethodWorker.invokeTestMethods(TestMethodWorker.java:146)
	at org.testng.internal.TestMethodWorker.run(TestMethodWorker.java:128)
	at java.base/java.util.concurrent.ThreadPoolExecutor.runWorker(ThreadPoolExecutor.java:1136)
	at java.base/java.util.concurrent.ThreadPoolExecutor$Worker.run(ThreadPoolExecutor.java:635)
	at java.base/java.lang.Thread.run(Thread.java:842)
</pre></div></td>
<td>0</td>
<td>tests.ChangePasswordTest@557caf28</td></tr>
<tr>
<td title='tests.WalletBalancesAndResetWalletPassword.toVerifyResetWalletPassword()'><b>toVerifyResetWalletPassword</b><br>Test class: tests.WalletBalancesAndResetWalletPassword</td>
<td><div><pre>java.lang.NullPointerException: Cannot invoke &quot;pages.Homepage.goToSignIn()&quot; because &quot;this.homepage&quot; is null
	at tests.WalletBalancesAndResetWalletPassword.toVerifyResetWalletPassword(WalletBalancesAndResetWalletPassword.java:38)
	at java.base/java.util.concurrent.ThreadPoolExecutor.runWorker(ThreadPoolExecutor.java:1136)
	at java.base/java.util.concurrent.ThreadPoolExecutor$Worker.run(ThreadPoolExecutor.java:635)
	at java.base/java.lang.Thread.run(Thread.java:842)
... Removed 12 stack frames</pre></div><a href='#' onClick='toggleBox("stack-trace1479764341", this, "Click to show all stack frames", "Click to hide stack frames")'>Click to show all stack frames</a>
<div class='stack-trace' id='stack-trace1479764341'><pre>java.lang.NullPointerException: Cannot invoke &quot;pages.Homepage.goToSignIn()&quot; because &quot;this.homepage&quot; is null
	at tests.WalletBalancesAndResetWalletPassword.toVerifyResetWalletPassword(WalletBalancesAndResetWalletPassword.java:38)
	at java.base/jdk.internal.reflect.NativeMethodAccessorImpl.invoke0(Native Method)
	at java.base/jdk.internal.reflect.NativeMethodAccessorImpl.invoke(NativeMethodAccessorImpl.java:77)
	at java.base/jdk.internal.reflect.DelegatingMethodAccessorImpl.invoke(DelegatingMethodAccessorImpl.java:43)
	at java.base/java.lang.reflect.Method.invoke(Method.java:568)
	at org.testng.internal.MethodInvocationHelper.invokeMethod(MethodInvocationHelper.java:133)
	at org.testng.internal.TestInvoker.invokeMethod(TestInvoker.java:598)
	at org.testng.internal.TestInvoker.invokeTestMethod(TestInvoker.java:173)
	at org.testng.internal.MethodRunner.runInSequence(MethodRunner.java:46)
	at org.testng.internal.TestInvoker$MethodInvocationAgent.invoke(TestInvoker.java:824)
	at org.testng.internal.TestInvoker.invokeTestMethods(TestInvoker.java:146)
	at org.testng.internal.TestMethodWorker.invokeTestMethods(TestMethodWorker.java:146)
	at org.testng.internal.TestMethodWorker.run(TestMethodWorker.java:128)
	at java.base/java.util.concurrent.ThreadPoolExecutor.runWorker(ThreadPoolExecutor.java:1136)
	at java.base/java.util.concurrent.ThreadPoolExecutor$Worker.run(ThreadPoolExecutor.java:635)
	at java.base/java.lang.Thread.run(Thread.java:842)
</pre></div></td>
<td>0</td>
<td>tests.WalletBalancesAndResetWalletPassword@408d971b</td></tr>
<tr>
<td title='tests.AddAndVerifyWebsiteTest.toCreateAndAddWebsite()'><b>toCreateAndAddWebsite</b><br>Test class: tests.AddAndVerifyWebsiteTest</td>
<td><div><pre>java.lang.NullPointerException: Cannot invoke &quot;org.openqa.selenium.WebDriver.switchTo()&quot; because &quot;this.driver&quot; is null
	at testUtility.BaseTest.goToNetlify(BaseTest.java:151)
	at testUtility.BaseTest.generateWebsite(BaseTest.java:92)
	at tests.AddAndVerifyWebsiteTest.toCreateAndAddWebsite(AddAndVerifyWebsiteTest.java:25)
	at java.base/java.util.concurrent.ThreadPoolExecutor.runWorker(ThreadPoolExecutor.java:1136)
	at java.base/java.util.concurrent.ThreadPoolExecutor$Worker.run(ThreadPoolExecutor.java:635)
	at java.base/java.lang.Thread.run(Thread.java:842)
... Removed 12 stack frames</pre></div><a href='#' onClick='toggleBox("stack-trace1445814983", this, "Click to show all stack frames", "Click to hide stack frames")'>Click to show all stack frames</a>
<div class='stack-trace' id='stack-trace1445814983'><pre>java.lang.NullPointerException: Cannot invoke &quot;org.openqa.selenium.WebDriver.switchTo()&quot; because &quot;this.driver&quot; is null
	at testUtility.BaseTest.goToNetlify(BaseTest.java:151)
	at testUtility.BaseTest.generateWebsite(BaseTest.java:92)
	at tests.AddAndVerifyWebsiteTest.toCreateAndAddWebsite(AddAndVerifyWebsiteTest.java:25)
	at java.base/jdk.internal.reflect.NativeMethodAccessorImpl.invoke0(Native Method)
	at java.base/jdk.internal.reflect.NativeMethodAccessorImpl.invoke(NativeMethodAccessorImpl.java:77)
	at java.base/jdk.internal.reflect.DelegatingMethodAccessorImpl.invoke(DelegatingMethodAccessorImpl.java:43)
	at java.base/java.lang.reflect.Method.invoke(Method.java:568)
	at org.testng.internal.MethodInvocationHelper.invokeMethod(MethodInvocationHelper.java:133)
	at org.testng.internal.TestInvoker.invokeMethod(TestInvoker.java:598)
	at org.testng.internal.TestInvoker.invokeTestMethod(TestInvoker.java:173)
	at org.testng.internal.MethodRunner.runInSequence(MethodRunner.java:46)
	at org.testng.internal.TestInvoker$MethodInvocationAgent.invoke(TestInvoker.java:824)
	at org.testng.internal.TestInvoker.invokeTestMethods(TestInvoker.java:146)
	at org.testng.internal.TestMethodWorker.invokeTestMethods(TestMethodWorker.java:146)
	at org.testng.internal.TestMethodWorker.run(TestMethodWorker.java:128)
	at java.base/java.util.concurrent.ThreadPoolExecutor.runWorker(ThreadPoolExecutor.java:1136)
	at java.base/java.util.concurrent.ThreadPoolExecutor$Worker.run(ThreadPoolExecutor.java:635)
	at java.base/java.lang.Thread.run(Thread.java:842)
</pre></div></td>
<td>0</td>
<td>tests.AddAndVerifyWebsiteTest@1d296da</td></tr>
</table><p>
<table width='100%' border='1' class='invocation-passed'>
<tr><td colspan='4' align='center'><b>PASSED TESTS</b></td></tr>
<tr><td><b>Test method</b></td>
<td width="30%"><b>Exception</b></td>
<td width="10%"><b>Time (seconds)</b></td>
<td><b>Instance</b></td>
</tr>
<tr>
<td title='tests.UserOnboardingTest.toVerifySignUpUsingEmail()'><b>toVerifySignUpUsingEmail</b><br>Test class: tests.UserOnboardingTest</td>
<td></td>
<td>36</td>
<td>tests.UserOnboardingTest@28701274</td></tr>
<tr>
<td title='tests.UserOnboardingTest.toVerifyCreateHydroWallet()'><b>toVerifyCreateHydroWallet</b><br>Test class: tests.UserOnboardingTest</td>
<td></td>
<td>4</td>
<td>tests.UserOnboardingTest@28701274</td></tr>
<tr>
<td title='tests.UserOnboardingTest.toVerifyAddWebsite()'><b>toVerifyAddWebsite</b><br>Test class: tests.UserOnboardingTest</td>
<td></td>
<td>8</td>
<td>tests.UserOnboardingTest@28701274</td></tr>
<tr>
<td title='tests.RewardsCalculationTest.calculateRewards()'><b>calculateRewards</b><br>Test class: tests.RewardsCalculationTest</td>
<td></td>
<td>277</td>
<td>tests.RewardsCalculationTest@43bc63a3</td></tr>
</table><p>
<table width='100%' border='1' class='invocation-skipped'>
<tr><td colspan='4' align='center'><b>SKIPPED TESTS</b></td></tr>
<tr><td><b>Test method</b></td>
<td width="30%"><b>Exception</b></td>
<td width="10%"><b>Time (seconds)</b></td>
<td><b>Instance</b></td>
</tr>
<tr>
<td title='tests.HydroPlusTableDataTest.verifyTableDataInAllTime()'><b>verifyTableDataInAllTime</b><br>Test class: tests.HydroPlusTableDataTest</td>
<td><div><pre>java.lang.NullPointerException: Cannot invoke &quot;pages.Homepage.goToSignIn()&quot; because &quot;this.homepage&quot; is null
	at tests.HydroPlusTableDataTest.signIn(HydroPlusTableDataTest.java:31)
	at java.base/java.util.concurrent.ThreadPoolExecutor.runWorker(ThreadPoolExecutor.java:1136)
	at java.base/java.util.concurrent.ThreadPoolExecutor$Worker.run(ThreadPoolExecutor.java:635)
	at java.base/java.lang.Thread.run(Thread.java:842)
... Removed 10 stack frames</pre></div><a href='#' onClick='toggleBox("stack-trace1472869647", this, "Click to show all stack frames", "Click to hide stack frames")'>Click to show all stack frames</a>
<div class='stack-trace' id='stack-trace1472869647'><pre>java.lang.NullPointerException: Cannot invoke &quot;pages.Homepage.goToSignIn()&quot; because &quot;this.homepage&quot; is null
	at tests.HydroPlusTableDataTest.signIn(HydroPlusTableDataTest.java:31)
	at java.base/jdk.internal.reflect.NativeMethodAccessorImpl.invoke0(Native Method)
	at java.base/jdk.internal.reflect.NativeMethodAccessorImpl.invoke(NativeMethodAccessorImpl.java:77)
	at java.base/jdk.internal.reflect.DelegatingMethodAccessorImpl.invoke(DelegatingMethodAccessorImpl.java:43)
	at java.base/java.lang.reflect.Method.invoke(Method.java:568)
	at org.testng.internal.MethodInvocationHelper.invokeMethod(MethodInvocationHelper.java:133)
	at org.testng.internal.MethodInvocationHelper.invokeMethodConsideringTimeout(MethodInvocationHelper.java:62)
	at org.testng.internal.ConfigInvoker.invokeConfigurationMethod(ConfigInvoker.java:385)
	at org.testng.internal.ConfigInvoker.invokeConfigurations(ConfigInvoker.java:321)
	at org.testng.internal.TestMethodWorker.invokeBeforeClassMethods(TestMethodWorker.java:176)
	at org.testng.internal.TestMethodWorker.run(TestMethodWorker.java:122)
	at java.base/java.util.concurrent.ThreadPoolExecutor.runWorker(ThreadPoolExecutor.java:1136)
	at java.base/java.util.concurrent.ThreadPoolExecutor$Worker.run(ThreadPoolExecutor.java:635)
	at java.base/java.lang.Thread.run(Thread.java:842)
</pre></div></td>
<td>0</td>
<td>tests.HydroPlusTableDataTest@3c41ed1d</td></tr>
<tr>
<td title='tests.HydroPlusTableDataTest.verifyTableDataInLastWeek()'><b>verifyTableDataInLastWeek</b><br>Test class: tests.HydroPlusTableDataTest</td>
<td><div><pre>java.lang.NullPointerException: Cannot invoke &quot;pages.Homepage.goToSignIn()&quot; because &quot;this.homepage&quot; is null
	at tests.HydroPlusTableDataTest.signIn(HydroPlusTableDataTest.java:31)
	at java.base/java.util.concurrent.ThreadPoolExecutor.runWorker(ThreadPoolExecutor.java:1136)
	at java.base/java.util.concurrent.ThreadPoolExecutor$Worker.run(ThreadPoolExecutor.java:635)
	at java.base/java.lang.Thread.run(Thread.java:842)
... Removed 10 stack frames</pre></div><a href='#' onClick='toggleBox("stack-trace1488919801", this, "Click to show all stack frames", "Click to hide stack frames")'>Click to show all stack frames</a>
<div class='stack-trace' id='stack-trace1488919801'><pre>java.lang.NullPointerException: Cannot invoke &quot;pages.Homepage.goToSignIn()&quot; because &quot;this.homepage&quot; is null
	at tests.HydroPlusTableDataTest.signIn(HydroPlusTableDataTest.java:31)
	at java.base/jdk.internal.reflect.NativeMethodAccessorImpl.invoke0(Native Method)
	at java.base/jdk.internal.reflect.NativeMethodAccessorImpl.invoke(NativeMethodAccessorImpl.java:77)
	at java.base/jdk.internal.reflect.DelegatingMethodAccessorImpl.invoke(DelegatingMethodAccessorImpl.java:43)
	at java.base/java.lang.reflect.Method.invoke(Method.java:568)
	at org.testng.internal.MethodInvocationHelper.invokeMethod(MethodInvocationHelper.java:133)
	at org.testng.internal.MethodInvocationHelper.invokeMethodConsideringTimeout(MethodInvocationHelper.java:62)
	at org.testng.internal.ConfigInvoker.invokeConfigurationMethod(ConfigInvoker.java:385)
	at org.testng.internal.ConfigInvoker.invokeConfigurations(ConfigInvoker.java:321)
	at org.testng.internal.TestMethodWorker.invokeBeforeClassMethods(TestMethodWorker.java:176)
	at org.testng.internal.TestMethodWorker.run(TestMethodWorker.java:122)
	at java.base/java.util.concurrent.ThreadPoolExecutor.runWorker(ThreadPoolExecutor.java:1136)
	at java.base/java.util.concurrent.ThreadPoolExecutor$Worker.run(ThreadPoolExecutor.java:635)
	at java.base/java.lang.Thread.run(Thread.java:842)
</pre></div></td>
<td>0</td>
<td>tests.HydroPlusTableDataTest@3c41ed1d</td></tr>
<tr>
<td title='tests.WalletBalancesAndResetWalletPassword.toVerifyUnlockWalletUsingNewPassword()'><b>toVerifyUnlockWalletUsingNewPassword</b><br>Test class: tests.WalletBalancesAndResetWalletPassword</td>
<td><div><pre>java.lang.Throwable: Method WalletBalancesAndResetWalletPassword.toVerifyUnlockWalletUsingNewPassword()[pri:0, instance:tests.WalletBalancesAndResetWalletPassword@408d971b] depends on not successfully finished methods
	at java.base/java.util.concurrent.ThreadPoolExecutor.runWorker(ThreadPoolExecutor.java:1136)
	at java.base/java.util.concurrent.ThreadPoolExecutor$Worker.run(ThreadPoolExecutor.java:635)
	at java.base/java.lang.Thread.run(Thread.java:842)
... Removed 3 stack frames</pre></div><a href='#' onClick='toggleBox("stack-trace955089445", this, "Click to show all stack frames", "Click to hide stack frames")'>Click to show all stack frames</a>
<div class='stack-trace' id='stack-trace955089445'><pre>java.lang.Throwable: Method WalletBalancesAndResetWalletPassword.toVerifyUnlockWalletUsingNewPassword()[pri:0, instance:tests.WalletBalancesAndResetWalletPassword@408d971b] depends on not successfully finished methods
	at org.testng.internal.TestInvoker.invokeTestMethods(TestInvoker.java:102)
	at org.testng.internal.TestMethodWorker.invokeTestMethods(TestMethodWorker.java:146)
	at org.testng.internal.TestMethodWorker.run(TestMethodWorker.java:128)
	at java.base/java.util.concurrent.ThreadPoolExecutor.runWorker(ThreadPoolExecutor.java:1136)
	at java.base/java.util.concurrent.ThreadPoolExecutor$Worker.run(ThreadPoolExecutor.java:635)
	at java.base/java.lang.Thread.run(Thread.java:842)
</pre></div></td>
<td>0</td>
<td>tests.WalletBalancesAndResetWalletPassword@408d971b</td></tr>
<tr>
<td title='tests.WalletBalancesAndResetWalletPassword.verifyHydroTotalAmount()'><b>verifyHydroTotalAmount</b><br>Test class: tests.WalletBalancesAndResetWalletPassword</td>
<td><div><pre>java.lang.Throwable: Method WalletBalancesAndResetWalletPassword.verifyHydroTotalAmount()[pri:0, instance:tests.WalletBalancesAndResetWalletPassword@408d971b] depends on not successfully finished methods
	at java.base/java.util.concurrent.ThreadPoolExecutor.runWorker(ThreadPoolExecutor.java:1136)
	at java.base/java.util.concurrent.ThreadPoolExecutor$Worker.run(ThreadPoolExecutor.java:635)
	at java.base/java.lang.Thread.run(Thread.java:842)
... Removed 3 stack frames</pre></div><a href='#' onClick='toggleBox("stack-trace916126611", this, "Click to show all stack frames", "Click to hide stack frames")'>Click to show all stack frames</a>
<div class='stack-trace' id='stack-trace916126611'><pre>java.lang.Throwable: Method WalletBalancesAndResetWalletPassword.verifyHydroTotalAmount()[pri:0, instance:tests.WalletBalancesAndResetWalletPassword@408d971b] depends on not successfully finished methods
	at org.testng.internal.TestInvoker.invokeTestMethods(TestInvoker.java:102)
	at org.testng.internal.TestMethodWorker.invokeTestMethods(TestMethodWorker.java:146)
	at org.testng.internal.TestMethodWorker.run(TestMethodWorker.java:128)
	at java.base/java.util.concurrent.ThreadPoolExecutor.runWorker(ThreadPoolExecutor.java:1136)
	at java.base/java.util.concurrent.ThreadPoolExecutor$Worker.run(ThreadPoolExecutor.java:635)
	at java.base/java.lang.Thread.run(Thread.java:842)
</pre></div></td>
<td>0</td>
<td>tests.WalletBalancesAndResetWalletPassword@408d971b</td></tr>
<tr>
<td title='tests.HydroPlusTableDataTest.verifyTableDeltaPercentage()'><b>verifyTableDeltaPercentage</b><br>Test class: tests.HydroPlusTableDataTest</td>
<td><div><pre>java.lang.NullPointerException: Cannot invoke &quot;pages.Homepage.goToSignIn()&quot; because &quot;this.homepage&quot; is null
	at tests.HydroPlusTableDataTest.signIn(HydroPlusTableDataTest.java:31)
	at java.base/java.util.concurrent.ThreadPoolExecutor.runWorker(ThreadPoolExecutor.java:1136)
	at java.base/java.util.concurrent.ThreadPoolExecutor$Worker.run(ThreadPoolExecutor.java:635)
	at java.base/java.lang.Thread.run(Thread.java:842)
... Removed 10 stack frames</pre></div><a href='#' onClick='toggleBox("stack-trace622046366", this, "Click to show all stack frames", "Click to hide stack frames")'>Click to show all stack frames</a>
<div class='stack-trace' id='stack-trace622046366'><pre>java.lang.NullPointerException: Cannot invoke &quot;pages.Homepage.goToSignIn()&quot; because &quot;this.homepage&quot; is null
	at tests.HydroPlusTableDataTest.signIn(HydroPlusTableDataTest.java:31)
	at java.base/jdk.internal.reflect.NativeMethodAccessorImpl.invoke0(Native Method)
	at java.base/jdk.internal.reflect.NativeMethodAccessorImpl.invoke(NativeMethodAccessorImpl.java:77)
	at java.base/jdk.internal.reflect.DelegatingMethodAccessorImpl.invoke(DelegatingMethodAccessorImpl.java:43)
	at java.base/java.lang.reflect.Method.invoke(Method.java:568)
	at org.testng.internal.MethodInvocationHelper.invokeMethod(MethodInvocationHelper.java:133)
	at org.testng.internal.MethodInvocationHelper.invokeMethodConsideringTimeout(MethodInvocationHelper.java:62)
	at org.testng.internal.ConfigInvoker.invokeConfigurationMethod(ConfigInvoker.java:385)
	at org.testng.internal.ConfigInvoker.invokeConfigurations(ConfigInvoker.java:321)
	at org.testng.internal.TestMethodWorker.invokeBeforeClassMethods(TestMethodWorker.java:176)
	at org.testng.internal.TestMethodWorker.run(TestMethodWorker.java:122)
	at java.base/java.util.concurrent.ThreadPoolExecutor.runWorker(ThreadPoolExecutor.java:1136)
	at java.base/java.util.concurrent.ThreadPoolExecutor$Worker.run(ThreadPoolExecutor.java:635)
	at java.base/java.lang.Thread.run(Thread.java:842)
</pre></div></td>
<td>0</td>
<td>tests.HydroPlusTableDataTest@3c41ed1d</td></tr>
<tr>
<td title='tests.ManageNodesAmountsAndRewardsTest.verifySuiRewardsDollarValueForNodes()'><b>verifySuiRewardsDollarValueForNodes</b><br>Test class: tests.ManageNodesAmountsAndRewardsTest</td>
<td><div><pre>java.lang.NullPointerException: Cannot invoke &quot;pages.Homepage.goToSignIn()&quot; because &quot;this.homepage&quot; is null
	at tests.ManageNodesAmountsAndRewardsTest.signIn(ManageNodesAmountsAndRewardsTest.java:29)
	at java.base/java.util.concurrent.ThreadPoolExecutor.runWorker(ThreadPoolExecutor.java:1136)
	at java.base/java.util.concurrent.ThreadPoolExecutor$Worker.run(ThreadPoolExecutor.java:635)
	at java.base/java.lang.Thread.run(Thread.java:842)
... Removed 10 stack frames</pre></div><a href='#' onClick='toggleBox("stack-trace1768858019", this, "Click to show all stack frames", "Click to hide stack frames")'>Click to show all stack frames</a>
<div class='stack-trace' id='stack-trace1768858019'><pre>java.lang.NullPointerException: Cannot invoke &quot;pages.Homepage.goToSignIn()&quot; because &quot;this.homepage&quot; is null
	at tests.ManageNodesAmountsAndRewardsTest.signIn(ManageNodesAmountsAndRewardsTest.java:29)
	at java.base/jdk.internal.reflect.NativeMethodAccessorImpl.invoke0(Native Method)
	at java.base/jdk.internal.reflect.NativeMethodAccessorImpl.invoke(NativeMethodAccessorImpl.java:77)
	at java.base/jdk.internal.reflect.DelegatingMethodAccessorImpl.invoke(DelegatingMethodAccessorImpl.java:43)
	at java.base/java.lang.reflect.Method.invoke(Method.java:568)
	at org.testng.internal.MethodInvocationHelper.invokeMethod(MethodInvocationHelper.java:133)
	at org.testng.internal.MethodInvocationHelper.invokeMethodConsideringTimeout(MethodInvocationHelper.java:62)
	at org.testng.internal.ConfigInvoker.invokeConfigurationMethod(ConfigInvoker.java:385)
	at org.testng.internal.ConfigInvoker.invokeConfigurations(ConfigInvoker.java:321)
	at org.testng.internal.TestMethodWorker.invokeBeforeClassMethods(TestMethodWorker.java:176)
	at org.testng.internal.TestMethodWorker.run(TestMethodWorker.java:122)
	at java.base/java.util.concurrent.ThreadPoolExecutor.runWorker(ThreadPoolExecutor.java:1136)
	at java.base/java.util.concurrent.ThreadPoolExecutor$Worker.run(ThreadPoolExecutor.java:635)
	at java.base/java.lang.Thread.run(Thread.java:842)
</pre></div></td>
<td>0</td>
<td>tests.ManageNodesAmountsAndRewardsTest@54d9d12d</td></tr>
<tr>
<td title='tests.WalletBalancesAndResetWalletPassword.verifySuiTotalDollarAmount()'><b>verifySuiTotalDollarAmount</b><br>Test class: tests.WalletBalancesAndResetWalletPassword</td>
<td><div><pre>java.lang.Throwable: Method WalletBalancesAndResetWalletPassword.verifySuiTotalDollarAmount()[pri:0, instance:tests.WalletBalancesAndResetWalletPassword@408d971b] depends on not successfully finished methods
	at java.base/java.util.concurrent.ThreadPoolExecutor.runWorker(ThreadPoolExecutor.java:1136)
	at java.base/java.util.concurrent.ThreadPoolExecutor$Worker.run(ThreadPoolExecutor.java:635)
	at java.base/java.lang.Thread.run(Thread.java:842)
... Removed 3 stack frames</pre></div><a href='#' onClick='toggleBox("stack-trace559175109", this, "Click to show all stack frames", "Click to hide stack frames")'>Click to show all stack frames</a>
<div class='stack-trace' id='stack-trace559175109'><pre>java.lang.Throwable: Method WalletBalancesAndResetWalletPassword.verifySuiTotalDollarAmount()[pri:0, instance:tests.WalletBalancesAndResetWalletPassword@408d971b] depends on not successfully finished methods
	at org.testng.internal.TestInvoker.invokeTestMethods(TestInvoker.java:102)
	at org.testng.internal.TestMethodWorker.invokeTestMethods(TestMethodWorker.java:146)
	at org.testng.internal.TestMethodWorker.run(TestMethodWorker.java:128)
	at java.base/java.util.concurrent.ThreadPoolExecutor.runWorker(ThreadPoolExecutor.java:1136)
	at java.base/java.util.concurrent.ThreadPoolExecutor$Worker.run(ThreadPoolExecutor.java:635)
	at java.base/java.lang.Thread.run(Thread.java:842)
</pre></div></td>
<td>0</td>
<td>tests.WalletBalancesAndResetWalletPassword@408d971b</td></tr>
<tr>
<td title='tests.HydroPlusTableDataTest.verifyTableDataInWeekSoFar()'><b>verifyTableDataInWeekSoFar</b><br>Test class: tests.HydroPlusTableDataTest</td>
<td><div><pre>java.lang.NullPointerException: Cannot invoke &quot;pages.Homepage.goToSignIn()&quot; because &quot;this.homepage&quot; is null
	at tests.HydroPlusTableDataTest.signIn(HydroPlusTableDataTest.java:31)
	at java.base/java.util.concurrent.ThreadPoolExecutor.runWorker(ThreadPoolExecutor.java:1136)
	at java.base/java.util.concurrent.ThreadPoolExecutor$Worker.run(ThreadPoolExecutor.java:635)
	at java.base/java.lang.Thread.run(Thread.java:842)
... Removed 10 stack frames</pre></div><a href='#' onClick='toggleBox("stack-trace603428770", this, "Click to show all stack frames", "Click to hide stack frames")'>Click to show all stack frames</a>
<div class='stack-trace' id='stack-trace603428770'><pre>java.lang.NullPointerException: Cannot invoke &quot;pages.Homepage.goToSignIn()&quot; because &quot;this.homepage&quot; is null
	at tests.HydroPlusTableDataTest.signIn(HydroPlusTableDataTest.java:31)
	at java.base/jdk.internal.reflect.NativeMethodAccessorImpl.invoke0(Native Method)
	at java.base/jdk.internal.reflect.NativeMethodAccessorImpl.invoke(NativeMethodAccessorImpl.java:77)
	at java.base/jdk.internal.reflect.DelegatingMethodAccessorImpl.invoke(DelegatingMethodAccessorImpl.java:43)
	at java.base/java.lang.reflect.Method.invoke(Method.java:568)
	at org.testng.internal.MethodInvocationHelper.invokeMethod(MethodInvocationHelper.java:133)
	at org.testng.internal.MethodInvocationHelper.invokeMethodConsideringTimeout(MethodInvocationHelper.java:62)
	at org.testng.internal.ConfigInvoker.invokeConfigurationMethod(ConfigInvoker.java:385)
	at org.testng.internal.ConfigInvoker.invokeConfigurations(ConfigInvoker.java:321)
	at org.testng.internal.TestMethodWorker.invokeBeforeClassMethods(TestMethodWorker.java:176)
	at org.testng.internal.TestMethodWorker.run(TestMethodWorker.java:122)
	at java.base/java.util.concurrent.ThreadPoolExecutor.runWorker(ThreadPoolExecutor.java:1136)
	at java.base/java.util.concurrent.ThreadPoolExecutor$Worker.run(ThreadPoolExecutor.java:635)
	at java.base/java.lang.Thread.run(Thread.java:842)
</pre></div></td>
<td>0</td>
<td>tests.HydroPlusTableDataTest@3c41ed1d</td></tr>
<tr>
<td title='tests.MyWebsitesTileDataTest.verifyLastWeekDataOnUI()'><b>verifyLastWeekDataOnUI</b><br>Test class: tests.MyWebsitesTileDataTest</td>
<td><div><pre>java.lang.NullPointerException: Cannot invoke &quot;pages.Homepage.goToSignIn()&quot; because &quot;this.homepage&quot; is null
	at tests.MyWebsitesTileDataTest.signIn(MyWebsitesTileDataTest.java:26)
	at java.base/java.util.concurrent.ThreadPoolExecutor.runWorker(ThreadPoolExecutor.java:1136)
	at java.base/java.util.concurrent.ThreadPoolExecutor$Worker.run(ThreadPoolExecutor.java:635)
	at java.base/java.lang.Thread.run(Thread.java:842)
... Removed 10 stack frames</pre></div><a href='#' onClick='toggleBox("stack-trace1544759749", this, "Click to show all stack frames", "Click to hide stack frames")'>Click to show all stack frames</a>
<div class='stack-trace' id='stack-trace1544759749'><pre>java.lang.NullPointerException: Cannot invoke &quot;pages.Homepage.goToSignIn()&quot; because &quot;this.homepage&quot; is null
	at tests.MyWebsitesTileDataTest.signIn(MyWebsitesTileDataTest.java:26)
	at java.base/jdk.internal.reflect.NativeMethodAccessorImpl.invoke0(Native Method)
	at java.base/jdk.internal.reflect.NativeMethodAccessorImpl.invoke(NativeMethodAccessorImpl.java:77)
	at java.base/jdk.internal.reflect.DelegatingMethodAccessorImpl.invoke(DelegatingMethodAccessorImpl.java:43)
	at java.base/java.lang.reflect.Method.invoke(Method.java:568)
	at org.testng.internal.MethodInvocationHelper.invokeMethod(MethodInvocationHelper.java:133)
	at org.testng.internal.MethodInvocationHelper.invokeMethodConsideringTimeout(MethodInvocationHelper.java:62)
	at org.testng.internal.ConfigInvoker.invokeConfigurationMethod(ConfigInvoker.java:385)
	at org.testng.internal.ConfigInvoker.invokeConfigurations(ConfigInvoker.java:321)
	at org.testng.internal.TestMethodWorker.invokeBeforeClassMethods(TestMethodWorker.java:176)
	at org.testng.internal.TestMethodWorker.run(TestMethodWorker.java:122)
	at java.base/java.util.concurrent.ThreadPoolExecutor.runWorker(ThreadPoolExecutor.java:1136)
	at java.base/java.util.concurrent.ThreadPoolExecutor$Worker.run(ThreadPoolExecutor.java:635)
	at java.base/java.lang.Thread.run(Thread.java:842)
</pre></div></td>
<td>0</td>
<td>tests.MyWebsitesTileDataTest@38425407</td></tr>
<tr>
<td title='tests.MyWebsitesTileDataTest.verifyDeltaPercentage()'><b>verifyDeltaPercentage</b><br>Test class: tests.MyWebsitesTileDataTest</td>
<td><div><pre>java.lang.NullPointerException: Cannot invoke &quot;pages.Homepage.goToSignIn()&quot; because &quot;this.homepage&quot; is null
	at tests.MyWebsitesTileDataTest.signIn(MyWebsitesTileDataTest.java:26)
	at java.base/java.util.concurrent.ThreadPoolExecutor.runWorker(ThreadPoolExecutor.java:1136)
	at java.base/java.util.concurrent.ThreadPoolExecutor$Worker.run(ThreadPoolExecutor.java:635)
	at java.base/java.lang.Thread.run(Thread.java:842)
... Removed 10 stack frames</pre></div><a href='#' onClick='toggleBox("stack-trace1684289981", this, "Click to show all stack frames", "Click to hide stack frames")'>Click to show all stack frames</a>
<div class='stack-trace' id='stack-trace1684289981'><pre>java.lang.NullPointerException: Cannot invoke &quot;pages.Homepage.goToSignIn()&quot; because &quot;this.homepage&quot; is null
	at tests.MyWebsitesTileDataTest.signIn(MyWebsitesTileDataTest.java:26)
	at java.base/jdk.internal.reflect.NativeMethodAccessorImpl.invoke0(Native Method)
	at java.base/jdk.internal.reflect.NativeMethodAccessorImpl.invoke(NativeMethodAccessorImpl.java:77)
	at java.base/jdk.internal.reflect.DelegatingMethodAccessorImpl.invoke(DelegatingMethodAccessorImpl.java:43)
	at java.base/java.lang.reflect.Method.invoke(Method.java:568)
	at org.testng.internal.MethodInvocationHelper.invokeMethod(MethodInvocationHelper.java:133)
	at org.testng.internal.MethodInvocationHelper.invokeMethodConsideringTimeout(MethodInvocationHelper.java:62)
	at org.testng.internal.ConfigInvoker.invokeConfigurationMethod(ConfigInvoker.java:385)
	at org.testng.internal.ConfigInvoker.invokeConfigurations(ConfigInvoker.java:321)
	at org.testng.internal.TestMethodWorker.invokeBeforeClassMethods(TestMethodWorker.java:176)
	at org.testng.internal.TestMethodWorker.run(TestMethodWorker.java:122)
	at java.base/java.util.concurrent.ThreadPoolExecutor.runWorker(ThreadPoolExecutor.java:1136)
	at java.base/java.util.concurrent.ThreadPoolExecutor$Worker.run(ThreadPoolExecutor.java:635)
	at java.base/java.lang.Thread.run(Thread.java:842)
</pre></div></td>
<td>0</td>
<td>tests.MyWebsitesTileDataTest@38425407</td></tr>
<tr>
<td title='tests.WalletBalancesAndResetWalletPassword.verifySuiTotalAmount()'><b>verifySuiTotalAmount</b><br>Test class: tests.WalletBalancesAndResetWalletPassword</td>
<td><div><pre>java.lang.Throwable: Method WalletBalancesAndResetWalletPassword.verifySuiTotalAmount()[pri:0, instance:tests.WalletBalancesAndResetWalletPassword@408d971b] depends on not successfully finished methods
	at java.base/java.util.concurrent.ThreadPoolExecutor.runWorker(ThreadPoolExecutor.java:1136)
	at java.base/java.util.concurrent.ThreadPoolExecutor$Worker.run(ThreadPoolExecutor.java:635)
	at java.base/java.lang.Thread.run(Thread.java:842)
... Removed 3 stack frames</pre></div><a href='#' onClick='toggleBox("stack-trace2037492840", this, "Click to show all stack frames", "Click to hide stack frames")'>Click to show all stack frames</a>
<div class='stack-trace' id='stack-trace2037492840'><pre>java.lang.Throwable: Method WalletBalancesAndResetWalletPassword.verifySuiTotalAmount()[pri:0, instance:tests.WalletBalancesAndResetWalletPassword@408d971b] depends on not successfully finished methods
	at org.testng.internal.TestInvoker.invokeTestMethods(TestInvoker.java:102)
	at org.testng.internal.TestMethodWorker.invokeTestMethods(TestMethodWorker.java:146)
	at org.testng.internal.TestMethodWorker.run(TestMethodWorker.java:128)
	at java.base/java.util.concurrent.ThreadPoolExecutor.runWorker(ThreadPoolExecutor.java:1136)
	at java.base/java.util.concurrent.ThreadPoolExecutor$Worker.run(ThreadPoolExecutor.java:635)
	at java.base/java.lang.Thread.run(Thread.java:842)
</pre></div></td>
<td>0</td>
<td>tests.WalletBalancesAndResetWalletPassword@408d971b</td></tr>
<tr>
<td title='tests.WalletBalancesAndResetWalletPassword.verifyWalletBalance()'><b>verifyWalletBalance</b><br>Test class: tests.WalletBalancesAndResetWalletPassword</td>
<td><div><pre>java.lang.Throwable: Method WalletBalancesAndResetWalletPassword.verifyWalletBalance()[pri:0, instance:tests.WalletBalancesAndResetWalletPassword@408d971b] depends on not successfully finished methods
	at java.base/java.util.concurrent.ThreadPoolExecutor.runWorker(ThreadPoolExecutor.java:1136)
	at java.base/java.util.concurrent.ThreadPoolExecutor$Worker.run(ThreadPoolExecutor.java:635)
	at java.base/java.lang.Thread.run(Thread.java:842)
... Removed 3 stack frames</pre></div><a href='#' onClick='toggleBox("stack-trace630568335", this, "Click to show all stack frames", "Click to hide stack frames")'>Click to show all stack frames</a>
<div class='stack-trace' id='stack-trace630568335'><pre>java.lang.Throwable: Method WalletBalancesAndResetWalletPassword.verifyWalletBalance()[pri:0, instance:tests.WalletBalancesAndResetWalletPassword@408d971b] depends on not successfully finished methods
	at org.testng.internal.TestInvoker.invokeTestMethods(TestInvoker.java:102)
	at org.testng.internal.TestMethodWorker.invokeTestMethods(TestMethodWorker.java:146)
	at org.testng.internal.TestMethodWorker.run(TestMethodWorker.java:128)
	at java.base/java.util.concurrent.ThreadPoolExecutor.runWorker(ThreadPoolExecutor.java:1136)
	at java.base/java.util.concurrent.ThreadPoolExecutor$Worker.run(ThreadPoolExecutor.java:635)
	at java.base/java.lang.Thread.run(Thread.java:842)
</pre></div></td>
<td>0</td>
<td>tests.WalletBalancesAndResetWalletPassword@408d971b</td></tr>
<tr>
<td title='tests.HydroPlusTableDataTest.verifyTotalNodesAndSuiStaked()'><b>verifyTotalNodesAndSuiStaked</b><br>Test class: tests.HydroPlusTableDataTest</td>
<td><div><pre>java.lang.NullPointerException: Cannot invoke &quot;pages.Homepage.goToSignIn()&quot; because &quot;this.homepage&quot; is null
	at tests.HydroPlusTableDataTest.signIn(HydroPlusTableDataTest.java:31)
	at java.base/java.util.concurrent.ThreadPoolExecutor.runWorker(ThreadPoolExecutor.java:1136)
	at java.base/java.util.concurrent.ThreadPoolExecutor$Worker.run(ThreadPoolExecutor.java:635)
	at java.base/java.lang.Thread.run(Thread.java:842)
... Removed 10 stack frames</pre></div><a href='#' onClick='toggleBox("stack-trace527918888", this, "Click to show all stack frames", "Click to hide stack frames")'>Click to show all stack frames</a>
<div class='stack-trace' id='stack-trace527918888'><pre>java.lang.NullPointerException: Cannot invoke &quot;pages.Homepage.goToSignIn()&quot; because &quot;this.homepage&quot; is null
	at tests.HydroPlusTableDataTest.signIn(HydroPlusTableDataTest.java:31)
	at java.base/jdk.internal.reflect.NativeMethodAccessorImpl.invoke0(Native Method)
	at java.base/jdk.internal.reflect.NativeMethodAccessorImpl.invoke(NativeMethodAccessorImpl.java:77)
	at java.base/jdk.internal.reflect.DelegatingMethodAccessorImpl.invoke(DelegatingMethodAccessorImpl.java:43)
	at java.base/java.lang.reflect.Method.invoke(Method.java:568)
	at org.testng.internal.MethodInvocationHelper.invokeMethod(MethodInvocationHelper.java:133)
	at org.testng.internal.MethodInvocationHelper.invokeMethodConsideringTimeout(MethodInvocationHelper.java:62)
	at org.testng.internal.ConfigInvoker.invokeConfigurationMethod(ConfigInvoker.java:385)
	at org.testng.internal.ConfigInvoker.invokeConfigurations(ConfigInvoker.java:321)
	at org.testng.internal.TestMethodWorker.invokeBeforeClassMethods(TestMethodWorker.java:176)
	at org.testng.internal.TestMethodWorker.run(TestMethodWorker.java:122)
	at java.base/java.util.concurrent.ThreadPoolExecutor.runWorker(ThreadPoolExecutor.java:1136)
	at java.base/java.util.concurrent.ThreadPoolExecutor$Worker.run(ThreadPoolExecutor.java:635)
	at java.base/java.lang.Thread.run(Thread.java:842)
</pre></div></td>
<td>0</td>
<td>tests.HydroPlusTableDataTest@3c41ed1d</td></tr>
<tr>
<td title='tests.ManageNodesAmountsAndRewardsTest.verifySuiAmountForNodes()'><b>verifySuiAmountForNodes</b><br>Test class: tests.ManageNodesAmountsAndRewardsTest</td>
<td><div><pre>java.lang.NullPointerException: Cannot invoke &quot;pages.Homepage.goToSignIn()&quot; because &quot;this.homepage&quot; is null
	at tests.ManageNodesAmountsAndRewardsTest.signIn(ManageNodesAmountsAndRewardsTest.java:29)
	at java.base/java.util.concurrent.ThreadPoolExecutor.runWorker(ThreadPoolExecutor.java:1136)
	at java.base/java.util.concurrent.ThreadPoolExecutor$Worker.run(ThreadPoolExecutor.java:635)
	at java.base/java.lang.Thread.run(Thread.java:842)
... Removed 10 stack frames</pre></div><a href='#' onClick='toggleBox("stack-trace619037061", this, "Click to show all stack frames", "Click to hide stack frames")'>Click to show all stack frames</a>
<div class='stack-trace' id='stack-trace619037061'><pre>java.lang.NullPointerException: Cannot invoke &quot;pages.Homepage.goToSignIn()&quot; because &quot;this.homepage&quot; is null
	at tests.ManageNodesAmountsAndRewardsTest.signIn(ManageNodesAmountsAndRewardsTest.java:29)
	at java.base/jdk.internal.reflect.NativeMethodAccessorImpl.invoke0(Native Method)
	at java.base/jdk.internal.reflect.NativeMethodAccessorImpl.invoke(NativeMethodAccessorImpl.java:77)
	at java.base/jdk.internal.reflect.DelegatingMethodAccessorImpl.invoke(DelegatingMethodAccessorImpl.java:43)
	at java.base/java.lang.reflect.Method.invoke(Method.java:568)
	at org.testng.internal.MethodInvocationHelper.invokeMethod(MethodInvocationHelper.java:133)
	at org.testng.internal.MethodInvocationHelper.invokeMethodConsideringTimeout(MethodInvocationHelper.java:62)
	at org.testng.internal.ConfigInvoker.invokeConfigurationMethod(ConfigInvoker.java:385)
	at org.testng.internal.ConfigInvoker.invokeConfigurations(ConfigInvoker.java:321)
	at org.testng.internal.TestMethodWorker.invokeBeforeClassMethods(TestMethodWorker.java:176)
	at org.testng.internal.TestMethodWorker.run(TestMethodWorker.java:122)
	at java.base/java.util.concurrent.ThreadPoolExecutor.runWorker(ThreadPoolExecutor.java:1136)
	at java.base/java.util.concurrent.ThreadPoolExecutor$Worker.run(ThreadPoolExecutor.java:635)
	at java.base/java.lang.Thread.run(Thread.java:842)
</pre></div></td>
<td>0</td>
<td>tests.ManageNodesAmountsAndRewardsTest@54d9d12d</td></tr>
<tr>
<td title='tests.AddAndVerifyWebsiteTest.toVerifyWebsite()'><b>toVerifyWebsite</b><br>Test class: tests.AddAndVerifyWebsiteTest</td>
<td><div><pre>java.lang.Throwable: Method AddAndVerifyWebsiteTest.toVerifyWebsite()[pri:0, instance:tests.AddAndVerifyWebsiteTest@1d296da] depends on not successfully finished methods
	at java.base/java.util.concurrent.ThreadPoolExecutor.runWorker(ThreadPoolExecutor.java:1136)
	at java.base/java.util.concurrent.ThreadPoolExecutor$Worker.run(ThreadPoolExecutor.java:635)
	at java.base/java.lang.Thread.run(Thread.java:842)
... Removed 3 stack frames</pre></div><a href='#' onClick='toggleBox("stack-trace399378735", this, "Click to show all stack frames", "Click to hide stack frames")'>Click to show all stack frames</a>
<div class='stack-trace' id='stack-trace399378735'><pre>java.lang.Throwable: Method AddAndVerifyWebsiteTest.toVerifyWebsite()[pri:0, instance:tests.AddAndVerifyWebsiteTest@1d296da] depends on not successfully finished methods
	at org.testng.internal.TestInvoker.invokeTestMethods(TestInvoker.java:102)
	at org.testng.internal.TestMethodWorker.invokeTestMethods(TestMethodWorker.java:146)
	at org.testng.internal.TestMethodWorker.run(TestMethodWorker.java:128)
	at java.base/java.util.concurrent.ThreadPoolExecutor.runWorker(ThreadPoolExecutor.java:1136)
	at java.base/java.util.concurrent.ThreadPoolExecutor$Worker.run(ThreadPoolExecutor.java:635)
	at java.base/java.lang.Thread.run(Thread.java:842)
</pre></div></td>
<td>0</td>
<td>tests.AddAndVerifyWebsiteTest@1d296da</td></tr>
<tr>
<td title='tests.WalletBalancesAndResetWalletPassword.verifyHydroTotalDollarAmount()'><b>verifyHydroTotalDollarAmount</b><br>Test class: tests.WalletBalancesAndResetWalletPassword</td>
<td><div><pre>java.lang.Throwable: Method WalletBalancesAndResetWalletPassword.verifyHydroTotalDollarAmount()[pri:0, instance:tests.WalletBalancesAndResetWalletPassword@408d971b] depends on not successfully finished methods
	at java.base/java.util.concurrent.ThreadPoolExecutor.runWorker(ThreadPoolExecutor.java:1136)
	at java.base/java.util.concurrent.ThreadPoolExecutor$Worker.run(ThreadPoolExecutor.java:635)
	at java.base/java.lang.Thread.run(Thread.java:842)
... Removed 3 stack frames</pre></div><a href='#' onClick='toggleBox("stack-trace1045023980", this, "Click to show all stack frames", "Click to hide stack frames")'>Click to show all stack frames</a>
<div class='stack-trace' id='stack-trace1045023980'><pre>java.lang.Throwable: Method WalletBalancesAndResetWalletPassword.verifyHydroTotalDollarAmount()[pri:0, instance:tests.WalletBalancesAndResetWalletPassword@408d971b] depends on not successfully finished methods
	at org.testng.internal.TestInvoker.invokeTestMethods(TestInvoker.java:102)
	at org.testng.internal.TestMethodWorker.invokeTestMethods(TestMethodWorker.java:146)
	at org.testng.internal.TestMethodWorker.run(TestMethodWorker.java:128)
	at java.base/java.util.concurrent.ThreadPoolExecutor.runWorker(ThreadPoolExecutor.java:1136)
	at java.base/java.util.concurrent.ThreadPoolExecutor$Worker.run(ThreadPoolExecutor.java:635)
	at java.base/java.lang.Thread.run(Thread.java:842)
</pre></div></td>
<td>0</td>
<td>tests.WalletBalancesAndResetWalletPassword@408d971b</td></tr>
<tr>
<td title='tests.MyWebsitesTileDataTest.verifyWeekSoFarDataOnUI()'><b>verifyWeekSoFarDataOnUI</b><br>Test class: tests.MyWebsitesTileDataTest</td>
<td><div><pre>java.lang.NullPointerException: Cannot invoke &quot;pages.Homepage.goToSignIn()&quot; because &quot;this.homepage&quot; is null
	at tests.MyWebsitesTileDataTest.signIn(MyWebsitesTileDataTest.java:26)
	at java.base/java.util.concurrent.ThreadPoolExecutor.runWorker(ThreadPoolExecutor.java:1136)
	at java.base/java.util.concurrent.ThreadPoolExecutor$Worker.run(ThreadPoolExecutor.java:635)
	at java.base/java.lang.Thread.run(Thread.java:842)
... Removed 10 stack frames</pre></div><a href='#' onClick='toggleBox("stack-trace2006265651", this, "Click to show all stack frames", "Click to hide stack frames")'>Click to show all stack frames</a>
<div class='stack-trace' id='stack-trace2006265651'><pre>java.lang.NullPointerException: Cannot invoke &quot;pages.Homepage.goToSignIn()&quot; because &quot;this.homepage&quot; is null
	at tests.MyWebsitesTileDataTest.signIn(MyWebsitesTileDataTest.java:26)
	at java.base/jdk.internal.reflect.NativeMethodAccessorImpl.invoke0(Native Method)
	at java.base/jdk.internal.reflect.NativeMethodAccessorImpl.invoke(NativeMethodAccessorImpl.java:77)
	at java.base/jdk.internal.reflect.DelegatingMethodAccessorImpl.invoke(DelegatingMethodAccessorImpl.java:43)
	at java.base/java.lang.reflect.Method.invoke(Method.java:568)
	at org.testng.internal.MethodInvocationHelper.invokeMethod(MethodInvocationHelper.java:133)
	at org.testng.internal.MethodInvocationHelper.invokeMethodConsideringTimeout(MethodInvocationHelper.java:62)
	at org.testng.internal.ConfigInvoker.invokeConfigurationMethod(ConfigInvoker.java:385)
	at org.testng.internal.ConfigInvoker.invokeConfigurations(ConfigInvoker.java:321)
	at org.testng.internal.TestMethodWorker.invokeBeforeClassMethods(TestMethodWorker.java:176)
	at org.testng.internal.TestMethodWorker.run(TestMethodWorker.java:122)
	at java.base/java.util.concurrent.ThreadPoolExecutor.runWorker(ThreadPoolExecutor.java:1136)
	at java.base/java.util.concurrent.ThreadPoolExecutor$Worker.run(ThreadPoolExecutor.java:635)
	at java.base/java.lang.Thread.run(Thread.java:842)
</pre></div></td>
<td>0</td>
<td>tests.MyWebsitesTileDataTest@38425407</td></tr>
<tr>
<td title='tests.ChangePasswordTest.toVerifyNewPassword()'><b>toVerifyNewPassword</b><br>Test class: tests.ChangePasswordTest</td>
<td><div><pre>java.lang.Throwable: Method ChangePasswordTest.toVerifyNewPassword()[pri:0, instance:tests.ChangePasswordTest@557caf28] depends on not successfully finished methods
	at java.base/java.util.concurrent.ThreadPoolExecutor.runWorker(ThreadPoolExecutor.java:1136)
	at java.base/java.util.concurrent.ThreadPoolExecutor$Worker.run(ThreadPoolExecutor.java:635)
	at java.base/java.lang.Thread.run(Thread.java:842)
... Removed 3 stack frames</pre></div><a href='#' onClick='toggleBox("stack-trace1546602247", this, "Click to show all stack frames", "Click to hide stack frames")'>Click to show all stack frames</a>
<div class='stack-trace' id='stack-trace1546602247'><pre>java.lang.Throwable: Method ChangePasswordTest.toVerifyNewPassword()[pri:0, instance:tests.ChangePasswordTest@557caf28] depends on not successfully finished methods
	at org.testng.internal.TestInvoker.invokeTestMethods(TestInvoker.java:102)
	at org.testng.internal.TestMethodWorker.invokeTestMethods(TestMethodWorker.java:146)
	at org.testng.internal.TestMethodWorker.run(TestMethodWorker.java:128)
	at java.base/java.util.concurrent.ThreadPoolExecutor.runWorker(ThreadPoolExecutor.java:1136)
	at java.base/java.util.concurrent.ThreadPoolExecutor$Worker.run(ThreadPoolExecutor.java:635)
	at java.base/java.lang.Thread.run(Thread.java:842)
</pre></div></td>
<td>0</td>
<td>tests.ChangePasswordTest@557caf28</td></tr>
<tr>
<td title='tests.WalletBalancesAndResetWalletPassword.verifyDollarValuesForTheCryptoAssets()'><b>verifyDollarValuesForTheCryptoAssets</b><br>Test class: tests.WalletBalancesAndResetWalletPassword</td>
<td><div><pre>java.lang.Throwable: Method WalletBalancesAndResetWalletPassword.verifyDollarValuesForTheCryptoAssets()[pri:0, instance:tests.WalletBalancesAndResetWalletPassword@408d971b] depends on not successfully finished methods
	at java.base/java.util.concurrent.ThreadPoolExecutor.runWorker(ThreadPoolExecutor.java:1136)
	at java.base/java.util.concurrent.ThreadPoolExecutor$Worker.run(ThreadPoolExecutor.java:635)
	at java.base/java.lang.Thread.run(Thread.java:842)
... Removed 3 stack frames</pre></div><a href='#' onClick='toggleBox("stack-trace1664107546", this, "Click to show all stack frames", "Click to hide stack frames")'>Click to show all stack frames</a>
<div class='stack-trace' id='stack-trace1664107546'><pre>java.lang.Throwable: Method WalletBalancesAndResetWalletPassword.verifyDollarValuesForTheCryptoAssets()[pri:0, instance:tests.WalletBalancesAndResetWalletPassword@408d971b] depends on not successfully finished methods
	at org.testng.internal.TestInvoker.invokeTestMethods(TestInvoker.java:102)
	at org.testng.internal.TestMethodWorker.invokeTestMethods(TestMethodWorker.java:146)
	at org.testng.internal.TestMethodWorker.run(TestMethodWorker.java:128)
	at java.base/java.util.concurrent.ThreadPoolExecutor.runWorker(ThreadPoolExecutor.java:1136)
	at java.base/java.util.concurrent.ThreadPoolExecutor$Worker.run(ThreadPoolExecutor.java:635)
	at java.base/java.lang.Thread.run(Thread.java:842)
</pre></div></td>
<td>0</td>
<td>tests.WalletBalancesAndResetWalletPassword@408d971b</td></tr>
<tr>
<td title='tests.HydroPlusTableDataTest.verifyTableLastWeekComparisonDataOnUI()'><b>verifyTableLastWeekComparisonDataOnUI</b><br>Test class: tests.HydroPlusTableDataTest</td>
<td><div><pre>java.lang.NullPointerException: Cannot invoke &quot;pages.Homepage.goToSignIn()&quot; because &quot;this.homepage&quot; is null
	at tests.HydroPlusTableDataTest.signIn(HydroPlusTableDataTest.java:31)
	at java.base/java.util.concurrent.ThreadPoolExecutor.runWorker(ThreadPoolExecutor.java:1136)
	at java.base/java.util.concurrent.ThreadPoolExecutor$Worker.run(ThreadPoolExecutor.java:635)
	at java.base/java.lang.Thread.run(Thread.java:842)
... Removed 10 stack frames</pre></div><a href='#' onClick='toggleBox("stack-trace1058008292", this, "Click to show all stack frames", "Click to hide stack frames")'>Click to show all stack frames</a>
<div class='stack-trace' id='stack-trace1058008292'><pre>java.lang.NullPointerException: Cannot invoke &quot;pages.Homepage.goToSignIn()&quot; because &quot;this.homepage&quot; is null
	at tests.HydroPlusTableDataTest.signIn(HydroPlusTableDataTest.java:31)
	at java.base/jdk.internal.reflect.NativeMethodAccessorImpl.invoke0(Native Method)
	at java.base/jdk.internal.reflect.NativeMethodAccessorImpl.invoke(NativeMethodAccessorImpl.java:77)
	at java.base/jdk.internal.reflect.DelegatingMethodAccessorImpl.invoke(DelegatingMethodAccessorImpl.java:43)
	at java.base/java.lang.reflect.Method.invoke(Method.java:568)
	at org.testng.internal.MethodInvocationHelper.invokeMethod(MethodInvocationHelper.java:133)
	at org.testng.internal.MethodInvocationHelper.invokeMethodConsideringTimeout(MethodInvocationHelper.java:62)
	at org.testng.internal.ConfigInvoker.invokeConfigurationMethod(ConfigInvoker.java:385)
	at org.testng.internal.ConfigInvoker.invokeConfigurations(ConfigInvoker.java:321)
	at org.testng.internal.TestMethodWorker.invokeBeforeClassMethods(TestMethodWorker.java:176)
	at org.testng.internal.TestMethodWorker.run(TestMethodWorker.java:122)
	at java.base/java.util.concurrent.ThreadPoolExecutor.runWorker(ThreadPoolExecutor.java:1136)
	at java.base/java.util.concurrent.ThreadPoolExecutor$Worker.run(ThreadPoolExecutor.java:635)
	at java.base/java.lang.Thread.run(Thread.java:842)
</pre></div></td>
<td>0</td>
<td>tests.HydroPlusTableDataTest@3c41ed1d</td></tr>
<tr>
<td title='tests.ChangePasswordTest.toVerifyLoginUsingOldPassword()'><b>toVerifyLoginUsingOldPassword</b><br>Test class: tests.ChangePasswordTest</td>
<td><div><pre>java.lang.Throwable: Method ChangePasswordTest.toVerifyLoginUsingOldPassword()[pri:0, instance:tests.ChangePasswordTest@557caf28] depends on not successfully finished methods
	at java.base/java.util.concurrent.ThreadPoolExecutor.runWorker(ThreadPoolExecutor.java:1136)
	at java.base/java.util.concurrent.ThreadPoolExecutor$Worker.run(ThreadPoolExecutor.java:635)
	at java.base/java.lang.Thread.run(Thread.java:842)
... Removed 3 stack frames</pre></div><a href='#' onClick='toggleBox("stack-trace1978147589", this, "Click to show all stack frames", "Click to hide stack frames")'>Click to show all stack frames</a>
<div class='stack-trace' id='stack-trace1978147589'><pre>java.lang.Throwable: Method ChangePasswordTest.toVerifyLoginUsingOldPassword()[pri:0, instance:tests.ChangePasswordTest@557caf28] depends on not successfully finished methods
	at org.testng.internal.TestInvoker.invokeTestMethods(TestInvoker.java:102)
	at org.testng.internal.TestMethodWorker.invokeTestMethods(TestMethodWorker.java:146)
	at org.testng.internal.TestMethodWorker.run(TestMethodWorker.java:128)
	at java.base/java.util.concurrent.ThreadPoolExecutor.runWorker(ThreadPoolExecutor.java:1136)
	at java.base/java.util.concurrent.ThreadPoolExecutor$Worker.run(ThreadPoolExecutor.java:635)
	at java.base/java.lang.Thread.run(Thread.java:842)
</pre></div></td>
<td>0</td>
<td>tests.ChangePasswordTest@557caf28</td></tr>
<tr>
<td title='tests.ManageNodesAmountsAndRewardsTest.verifySuiRewardsForNodes()'><b>verifySuiRewardsForNodes</b><br>Test class: tests.ManageNodesAmountsAndRewardsTest</td>
<td><div><pre>java.lang.NullPointerException: Cannot invoke &quot;pages.Homepage.goToSignIn()&quot; because &quot;this.homepage&quot; is null
	at tests.ManageNodesAmountsAndRewardsTest.signIn(ManageNodesAmountsAndRewardsTest.java:29)
	at java.base/java.util.concurrent.ThreadPoolExecutor.runWorker(ThreadPoolExecutor.java:1136)
	at java.base/java.util.concurrent.ThreadPoolExecutor$Worker.run(ThreadPoolExecutor.java:635)
	at java.base/java.lang.Thread.run(Thread.java:842)
... Removed 10 stack frames</pre></div><a href='#' onClick='toggleBox("stack-trace1853252184", this, "Click to show all stack frames", "Click to hide stack frames")'>Click to show all stack frames</a>
<div class='stack-trace' id='stack-trace1853252184'><pre>java.lang.NullPointerException: Cannot invoke &quot;pages.Homepage.goToSignIn()&quot; because &quot;this.homepage&quot; is null
	at tests.ManageNodesAmountsAndRewardsTest.signIn(ManageNodesAmountsAndRewardsTest.java:29)
	at java.base/jdk.internal.reflect.NativeMethodAccessorImpl.invoke0(Native Method)
	at java.base/jdk.internal.reflect.NativeMethodAccessorImpl.invoke(NativeMethodAccessorImpl.java:77)
	at java.base/jdk.internal.reflect.DelegatingMethodAccessorImpl.invoke(DelegatingMethodAccessorImpl.java:43)
	at java.base/java.lang.reflect.Method.invoke(Method.java:568)
	at org.testng.internal.MethodInvocationHelper.invokeMethod(MethodInvocationHelper.java:133)
	at org.testng.internal.MethodInvocationHelper.invokeMethodConsideringTimeout(MethodInvocationHelper.java:62)
	at org.testng.internal.ConfigInvoker.invokeConfigurationMethod(ConfigInvoker.java:385)
	at org.testng.internal.ConfigInvoker.invokeConfigurations(ConfigInvoker.java:321)
	at org.testng.internal.TestMethodWorker.invokeBeforeClassMethods(TestMethodWorker.java:176)
	at org.testng.internal.TestMethodWorker.run(TestMethodWorker.java:122)
	at java.base/java.util.concurrent.ThreadPoolExecutor.runWorker(ThreadPoolExecutor.java:1136)
	at java.base/java.util.concurrent.ThreadPoolExecutor$Worker.run(ThreadPoolExecutor.java:635)
	at java.base/java.lang.Thread.run(Thread.java:842)
</pre></div></td>
<td>0</td>
<td>tests.ManageNodesAmountsAndRewardsTest@54d9d12d</td></tr>
<tr>
<td title='tests.WalletBalancesAndResetWalletPassword.getWalletAmounts()'><b>getWalletAmounts</b><br>Test class: tests.WalletBalancesAndResetWalletPassword</td>
<td><div><pre>java.lang.Throwable: Method WalletBalancesAndResetWalletPassword.getWalletAmounts()[pri:0, instance:tests.WalletBalancesAndResetWalletPassword@408d971b] depends on not successfully finished methods
	at java.base/java.util.concurrent.ThreadPoolExecutor.runWorker(ThreadPoolExecutor.java:1136)
	at java.base/java.util.concurrent.ThreadPoolExecutor$Worker.run(ThreadPoolExecutor.java:635)
	at java.base/java.lang.Thread.run(Thread.java:842)
... Removed 3 stack frames</pre></div><a href='#' onClick='toggleBox("stack-trace529478975", this, "Click to show all stack frames", "Click to hide stack frames")'>Click to show all stack frames</a>
<div class='stack-trace' id='stack-trace529478975'><pre>java.lang.Throwable: Method WalletBalancesAndResetWalletPassword.getWalletAmounts()[pri:0, instance:tests.WalletBalancesAndResetWalletPassword@408d971b] depends on not successfully finished methods
	at org.testng.internal.TestInvoker.invokeTestMethods(TestInvoker.java:102)
	at org.testng.internal.TestMethodWorker.invokeTestMethods(TestMethodWorker.java:146)
	at org.testng.internal.TestMethodWorker.run(TestMethodWorker.java:128)
	at java.base/java.util.concurrent.ThreadPoolExecutor.runWorker(ThreadPoolExecutor.java:1136)
	at java.base/java.util.concurrent.ThreadPoolExecutor$Worker.run(ThreadPoolExecutor.java:635)
	at java.base/java.lang.Thread.run(Thread.java:842)
</pre></div></td>
<td>0</td>
<td>tests.WalletBalancesAndResetWalletPassword@408d971b</td></tr>
<tr>
<td title='tests.WalletBalancesAndResetWalletPassword.verifyAvailableBalance()'><b>verifyAvailableBalance</b><br>Test class: tests.WalletBalancesAndResetWalletPassword</td>
<td><div><pre>java.lang.Throwable: Method WalletBalancesAndResetWalletPassword.verifyAvailableBalance()[pri:0, instance:tests.WalletBalancesAndResetWalletPassword@408d971b] depends on not successfully finished methods
	at java.base/java.util.concurrent.ThreadPoolExecutor.runWorker(ThreadPoolExecutor.java:1136)
	at java.base/java.util.concurrent.ThreadPoolExecutor$Worker.run(ThreadPoolExecutor.java:635)
	at java.base/java.lang.Thread.run(Thread.java:842)
... Removed 3 stack frames</pre></div><a href='#' onClick='toggleBox("stack-trace950405462", this, "Click to show all stack frames", "Click to hide stack frames")'>Click to show all stack frames</a>
<div class='stack-trace' id='stack-trace950405462'><pre>java.lang.Throwable: Method WalletBalancesAndResetWalletPassword.verifyAvailableBalance()[pri:0, instance:tests.WalletBalancesAndResetWalletPassword@408d971b] depends on not successfully finished methods
	at org.testng.internal.TestInvoker.invokeTestMethods(TestInvoker.java:102)
	at org.testng.internal.TestMethodWorker.invokeTestMethods(TestMethodWorker.java:146)
	at org.testng.internal.TestMethodWorker.run(TestMethodWorker.java:128)
	at java.base/java.util.concurrent.ThreadPoolExecutor.runWorker(ThreadPoolExecutor.java:1136)
	at java.base/java.util.concurrent.ThreadPoolExecutor$Worker.run(ThreadPoolExecutor.java:635)
	at java.base/java.lang.Thread.run(Thread.java:842)
</pre></div></td>
<td>0</td>
<td>tests.WalletBalancesAndResetWalletPassword@408d971b</td></tr>
<tr>
<td title='tests.ManageNodesAmountsAndRewardsTest.verifyHydroAmountForNodes()'><b>verifyHydroAmountForNodes</b><br>Test class: tests.ManageNodesAmountsAndRewardsTest</td>
<td><div><pre>java.lang.NullPointerException: Cannot invoke &quot;pages.Homepage.goToSignIn()&quot; because &quot;this.homepage&quot; is null
	at tests.ManageNodesAmountsAndRewardsTest.signIn(ManageNodesAmountsAndRewardsTest.java:29)
	at java.base/java.util.concurrent.ThreadPoolExecutor.runWorker(ThreadPoolExecutor.java:1136)
	at java.base/java.util.concurrent.ThreadPoolExecutor$Worker.run(ThreadPoolExecutor.java:635)
	at java.base/java.lang.Thread.run(Thread.java:842)
... Removed 10 stack frames</pre></div><a href='#' onClick='toggleBox("stack-trace968284931", this, "Click to show all stack frames", "Click to hide stack frames")'>Click to show all stack frames</a>
<div class='stack-trace' id='stack-trace968284931'><pre>java.lang.NullPointerException: Cannot invoke &quot;pages.Homepage.goToSignIn()&quot; because &quot;this.homepage&quot; is null
	at tests.ManageNodesAmountsAndRewardsTest.signIn(ManageNodesAmountsAndRewardsTest.java:29)
	at java.base/jdk.internal.reflect.NativeMethodAccessorImpl.invoke0(Native Method)
	at java.base/jdk.internal.reflect.NativeMethodAccessorImpl.invoke(NativeMethodAccessorImpl.java:77)
	at java.base/jdk.internal.reflect.DelegatingMethodAccessorImpl.invoke(DelegatingMethodAccessorImpl.java:43)
	at java.base/java.lang.reflect.Method.invoke(Method.java:568)
	at org.testng.internal.MethodInvocationHelper.invokeMethod(MethodInvocationHelper.java:133)
	at org.testng.internal.MethodInvocationHelper.invokeMethodConsideringTimeout(MethodInvocationHelper.java:62)
	at org.testng.internal.ConfigInvoker.invokeConfigurationMethod(ConfigInvoker.java:385)
	at org.testng.internal.ConfigInvoker.invokeConfigurations(ConfigInvoker.java:321)
	at org.testng.internal.TestMethodWorker.invokeBeforeClassMethods(TestMethodWorker.java:176)
	at org.testng.internal.TestMethodWorker.run(TestMethodWorker.java:122)
	at java.base/java.util.concurrent.ThreadPoolExecutor.runWorker(ThreadPoolExecutor.java:1136)
	at java.base/java.util.concurrent.ThreadPoolExecutor$Worker.run(ThreadPoolExecutor.java:635)
	at java.base/java.lang.Thread.run(Thread.java:842)
</pre></div></td>
<td>0</td>
<td>tests.ManageNodesAmountsAndRewardsTest@54d9d12d</td></tr>
<tr>
<td title='tests.WalletBalancesAndResetWalletPassword.verifyLockedBalance()'><b>verifyLockedBalance</b><br>Test class: tests.WalletBalancesAndResetWalletPassword</td>
<td><div><pre>java.lang.Throwable: Method WalletBalancesAndResetWalletPassword.verifyLockedBalance()[pri:0, instance:tests.WalletBalancesAndResetWalletPassword@408d971b] depends on not successfully finished methods
	at java.base/java.util.concurrent.ThreadPoolExecutor.runWorker(ThreadPoolExecutor.java:1136)
	at java.base/java.util.concurrent.ThreadPoolExecutor$Worker.run(ThreadPoolExecutor.java:635)
	at java.base/java.lang.Thread.run(Thread.java:842)
... Removed 3 stack frames</pre></div><a href='#' onClick='toggleBox("stack-trace337048161", this, "Click to show all stack frames", "Click to hide stack frames")'>Click to show all stack frames</a>
<div class='stack-trace' id='stack-trace337048161'><pre>java.lang.Throwable: Method WalletBalancesAndResetWalletPassword.verifyLockedBalance()[pri:0, instance:tests.WalletBalancesAndResetWalletPassword@408d971b] depends on not successfully finished methods
	at org.testng.internal.TestInvoker.invokeTestMethods(TestInvoker.java:102)
	at org.testng.internal.TestMethodWorker.invokeTestMethods(TestMethodWorker.java:146)
	at org.testng.internal.TestMethodWorker.run(TestMethodWorker.java:128)
	at java.base/java.util.concurrent.ThreadPoolExecutor.runWorker(ThreadPoolExecutor.java:1136)
	at java.base/java.util.concurrent.ThreadPoolExecutor$Worker.run(ThreadPoolExecutor.java:635)
	at java.base/java.lang.Thread.run(Thread.java:842)
</pre></div></td>
<td>0</td>
<td>tests.WalletBalancesAndResetWalletPassword@408d971b</td></tr>
<tr>
<td title='tests.MyWebsitesTileDataTest.verifyLastWeekComparisonDataOnUI()'><b>verifyLastWeekComparisonDataOnUI</b><br>Test class: tests.MyWebsitesTileDataTest</td>
<td><div><pre>java.lang.NullPointerException: Cannot invoke &quot;pages.Homepage.goToSignIn()&quot; because &quot;this.homepage&quot; is null
	at tests.MyWebsitesTileDataTest.signIn(MyWebsitesTileDataTest.java:26)
	at java.base/java.util.concurrent.ThreadPoolExecutor.runWorker(ThreadPoolExecutor.java:1136)
	at java.base/java.util.concurrent.ThreadPoolExecutor$Worker.run(ThreadPoolExecutor.java:635)
	at java.base/java.lang.Thread.run(Thread.java:842)
... Removed 10 stack frames</pre></div><a href='#' onClick='toggleBox("stack-trace1766715441", this, "Click to show all stack frames", "Click to hide stack frames")'>Click to show all stack frames</a>
<div class='stack-trace' id='stack-trace1766715441'><pre>java.lang.NullPointerException: Cannot invoke &quot;pages.Homepage.goToSignIn()&quot; because &quot;this.homepage&quot; is null
	at tests.MyWebsitesTileDataTest.signIn(MyWebsitesTileDataTest.java:26)
	at java.base/jdk.internal.reflect.NativeMethodAccessorImpl.invoke0(Native Method)
	at java.base/jdk.internal.reflect.NativeMethodAccessorImpl.invoke(NativeMethodAccessorImpl.java:77)
	at java.base/jdk.internal.reflect.DelegatingMethodAccessorImpl.invoke(DelegatingMethodAccessorImpl.java:43)
	at java.base/java.lang.reflect.Method.invoke(Method.java:568)
	at org.testng.internal.MethodInvocationHelper.invokeMethod(MethodInvocationHelper.java:133)
	at org.testng.internal.MethodInvocationHelper.invokeMethodConsideringTimeout(MethodInvocationHelper.java:62)
	at org.testng.internal.ConfigInvoker.invokeConfigurationMethod(ConfigInvoker.java:385)
	at org.testng.internal.ConfigInvoker.invokeConfigurations(ConfigInvoker.java:321)
	at org.testng.internal.TestMethodWorker.invokeBeforeClassMethods(TestMethodWorker.java:176)
	at org.testng.internal.TestMethodWorker.run(TestMethodWorker.java:122)
	at java.base/java.util.concurrent.ThreadPoolExecutor.runWorker(ThreadPoolExecutor.java:1136)
	at java.base/java.util.concurrent.ThreadPoolExecutor$Worker.run(ThreadPoolExecutor.java:635)
	at java.base/java.lang.Thread.run(Thread.java:842)
</pre></div></td>
<td>0</td>
<td>tests.MyWebsitesTileDataTest@38425407</td></tr>
<tr>
<td title='tests.MyWebsitesTileDataTest.verifyAllTimeDataOnUI()'><b>verifyAllTimeDataOnUI</b><br>Test class: tests.MyWebsitesTileDataTest</td>
<td><div><pre>java.lang.NullPointerException: Cannot invoke &quot;pages.Homepage.goToSignIn()&quot; because &quot;this.homepage&quot; is null
	at tests.MyWebsitesTileDataTest.signIn(MyWebsitesTileDataTest.java:26)
	at java.base/java.util.concurrent.ThreadPoolExecutor.runWorker(ThreadPoolExecutor.java:1136)
	at java.base/java.util.concurrent.ThreadPoolExecutor$Worker.run(ThreadPoolExecutor.java:635)
	at java.base/java.lang.Thread.run(Thread.java:842)
... Removed 10 stack frames</pre></div><a href='#' onClick='toggleBox("stack-trace1940586708", this, "Click to show all stack frames", "Click to hide stack frames")'>Click to show all stack frames</a>
<div class='stack-trace' id='stack-trace1940586708'><pre>java.lang.NullPointerException: Cannot invoke &quot;pages.Homepage.goToSignIn()&quot; because &quot;this.homepage&quot; is null
	at tests.MyWebsitesTileDataTest.signIn(MyWebsitesTileDataTest.java:26)
	at java.base/jdk.internal.reflect.NativeMethodAccessorImpl.invoke0(Native Method)
	at java.base/jdk.internal.reflect.NativeMethodAccessorImpl.invoke(NativeMethodAccessorImpl.java:77)
	at java.base/jdk.internal.reflect.DelegatingMethodAccessorImpl.invoke(DelegatingMethodAccessorImpl.java:43)
	at java.base/java.lang.reflect.Method.invoke(Method.java:568)
	at org.testng.internal.MethodInvocationHelper.invokeMethod(MethodInvocationHelper.java:133)
	at org.testng.internal.MethodInvocationHelper.invokeMethodConsideringTimeout(MethodInvocationHelper.java:62)
	at org.testng.internal.ConfigInvoker.invokeConfigurationMethod(ConfigInvoker.java:385)
	at org.testng.internal.ConfigInvoker.invokeConfigurations(ConfigInvoker.java:321)
	at org.testng.internal.TestMethodWorker.invokeBeforeClassMethods(TestMethodWorker.java:176)
	at org.testng.internal.TestMethodWorker.run(TestMethodWorker.java:122)
	at java.base/java.util.concurrent.ThreadPoolExecutor.runWorker(ThreadPoolExecutor.java:1136)
	at java.base/java.util.concurrent.ThreadPoolExecutor$Worker.run(ThreadPoolExecutor.java:635)
	at java.base/java.lang.Thread.run(Thread.java:842)
</pre></div></td>
<td>0</td>
<td>tests.MyWebsitesTileDataTest@38425407</td></tr>
</table><p>
</body>
</html>