<?xml version="1.0" encoding="UTF-8"?>
<!-- Generated by org.testng.reporters.JUnitXMLReporter -->
<testsuite ignored="16" hostname="Ant-KuldeepSingh-ATR1063" failures="3" tests="35" name="Test" time="345.563" errors="0" timestamp="2024-09-25T15:50:54 IST">
  <testcase classname="tests.HydroPlusTableDataTest" name="@BeforeClass signIn" time="0.0">
    <failure type="java.lang.NullPointerException" message="Cannot invoke &amp;quot;pages.Homepage.goToSignIn()&amp;quot; because &amp;quot;this.homepage&amp;quot; is null">
      <![CDATA[java.lang.NullPointerException: Cannot invoke "pages.Homepage.goToSignIn()" because "this.homepage" is null
at tests.HydroPlusTableDataTest.signIn(HydroPlusTableDataTest.java:31)
at java.base/java.util.ArrayList.forEach(ArrayList.java:1511)
... Removed 25 stack frames]]>
    </failure>
  </testcase> <!-- @BeforeClass signIn -->
  <testcase classname="tests.ManageNodesAmountsAndRewardsTest" name="@BeforeClass signIn" time="0.001">
    <failure type="java.lang.NullPointerException" message="Cannot invoke &amp;quot;pages.Homepage.goToSignIn()&amp;quot; because &amp;quot;this.homepage&amp;quot; is null">
      <![CDATA[java.lang.NullPointerException: Cannot invoke "pages.Homepage.goToSignIn()" because "this.homepage" is null
at tests.ManageNodesAmountsAndRewardsTest.signIn(ManageNodesAmountsAndRewardsTest.java:29)
at java.base/java.util.ArrayList.forEach(ArrayList.java:1511)
... Removed 25 stack frames]]>
    </failure>
  </testcase> <!-- @BeforeClass signIn -->
  <testcase classname="tests.MyWebsitesTileDataTest" name="@BeforeClass signIn" time="0.0">
    <failure type="java.lang.NullPointerException" message="Cannot invoke &amp;quot;pages.Homepage.goToSignIn()&amp;quot; because &amp;quot;this.homepage&amp;quot; is null">
      <![CDATA[java.lang.NullPointerException: Cannot invoke "pages.Homepage.goToSignIn()" because "this.homepage" is null
at tests.MyWebsitesTileDataTest.signIn(MyWebsitesTileDataTest.java:26)
at java.base/java.util.ArrayList.forEach(ArrayList.java:1511)
... Removed 25 stack frames]]>
    </failure>
  </testcase> <!-- @BeforeClass signIn -->
  <testcase classname="tests.UserOnboardingTest" name="toVerifySignUpUsingEmail" time="36.592"/>
  <testcase classname="tests.UserOnboardingTest" name="toVerifyAddWebsite" time="7.566"/>
  <testcase classname="tests.UserOnboardingTest" name="toVerifyCreateHydroWallet" time="4.613"/>
  <testcase classname="tests.AddAndVerifyWebsiteTest" name="toCreateAndAddWebsite" time="0.0">
    <failure type="java.lang.NullPointerException" message="Cannot invoke &amp;quot;org.openqa.selenium.WebDriver.switchTo()&amp;quot; because &amp;quot;this.driver&amp;quot; is null">
      <![CDATA[java.lang.NullPointerException: Cannot invoke "org.openqa.selenium.WebDriver.switchTo()" because "this.driver" is null
at testUtility.BaseTest.goToNetlify(BaseTest.java:151)
at testUtility.BaseTest.generateWebsite(BaseTest.java:92)
at tests.AddAndVerifyWebsiteTest.toCreateAndAddWebsite(AddAndVerifyWebsiteTest.java:25)
at java.base/java.util.ArrayList.forEach(ArrayList.java:1511)
... Removed 27 stack frames]]>
    </failure>
  </testcase> <!-- toCreateAndAddWebsite -->
  <testcase classname="tests.AddAndVerifyWebsiteTest" name="toVerifyWebsite" time="0.0">
    <skipped/>
  </testcase> <!-- toVerifyWebsite -->
  <testcase classname="tests.ChangePasswordTest" name="toVerifySetNewPassword" time="0.002">
    <failure type="java.lang.NullPointerException" message="Cannot invoke &amp;quot;pages.Homepage.goToSignIn()&amp;quot; because &amp;quot;this.homepage&amp;quot; is null">
      <![CDATA[java.lang.NullPointerException: Cannot invoke "pages.Homepage.goToSignIn()" because "this.homepage" is null
at tests.ChangePasswordTest.toVerifySetNewPassword(ChangePasswordTest.java:28)
at java.base/java.util.ArrayList.forEach(ArrayList.java:1511)
... Removed 27 stack frames]]>
    </failure>
  </testcase> <!-- toVerifySetNewPassword -->
  <testcase classname="tests.ChangePasswordTest" name="toVerifyLoginUsingOldPassword" time="0.0">
    <skipped/>
  </testcase> <!-- toVerifyLoginUsingOldPassword -->
  <testcase classname="tests.ChangePasswordTest" name="toVerifyNewPassword" time="0.0">
    <skipped/>
  </testcase> <!-- toVerifyNewPassword -->
  <testcase classname="tests.WalletBalancesAndResetWalletPassword" name="toVerifyResetWalletPassword" time="0.001">
    <failure type="java.lang.NullPointerException" message="Cannot invoke &amp;quot;pages.Homepage.goToSignIn()&amp;quot; because &amp;quot;this.homepage&amp;quot; is null">
      <![CDATA[java.lang.NullPointerException: Cannot invoke "pages.Homepage.goToSignIn()" because "this.homepage" is null
at tests.WalletBalancesAndResetWalletPassword.toVerifyResetWalletPassword(WalletBalancesAndResetWalletPassword.java:38)
at java.base/java.util.ArrayList.forEach(ArrayList.java:1511)
... Removed 27 stack frames]]>
    </failure>
  </testcase> <!-- toVerifyResetWalletPassword -->
  <testcase classname="tests.WalletBalancesAndResetWalletPassword" name="toVerifyUnlockWalletUsingNewPassword" time="0.0">
    <skipped/>
  </testcase> <!-- toVerifyUnlockWalletUsingNewPassword -->
  <testcase classname="tests.WalletBalancesAndResetWalletPassword" name="getWalletAmounts" time="0.0">
    <skipped/>
  </testcase> <!-- getWalletAmounts -->
  <testcase classname="tests.WalletBalancesAndResetWalletPassword" name="verifyAvailableBalance" time="0.0">
    <skipped/>
  </testcase> <!-- verifyAvailableBalance -->
  <testcase classname="tests.WalletBalancesAndResetWalletPassword" name="verifyDollarValuesForTheCryptoAssets" time="0.0">
    <skipped/>
  </testcase> <!-- verifyDollarValuesForTheCryptoAssets -->
  <testcase classname="tests.WalletBalancesAndResetWalletPassword" name="verifyHydroTotalAmount" time="0.0">
    <skipped/>
  </testcase> <!-- verifyHydroTotalAmount -->
  <testcase classname="tests.WalletBalancesAndResetWalletPassword" name="verifyHydroTotalDollarAmount" time="0.0">
    <skipped/>
  </testcase> <!-- verifyHydroTotalDollarAmount -->
  <testcase classname="tests.WalletBalancesAndResetWalletPassword" name="verifyLockedBalance" time="0.0">
    <skipped/>
  </testcase> <!-- verifyLockedBalance -->
  <testcase classname="tests.WalletBalancesAndResetWalletPassword" name="verifySuiTotalAmount" time="0.0">
    <skipped/>
  </testcase> <!-- verifySuiTotalAmount -->
  <testcase classname="tests.WalletBalancesAndResetWalletPassword" name="verifySuiTotalDollarAmount" time="0.0">
    <skipped/>
  </testcase> <!-- verifySuiTotalDollarAmount -->
  <testcase classname="tests.WalletBalancesAndResetWalletPassword" name="verifyWalletBalance" time="0.0">
    <skipped/>
  </testcase> <!-- verifyWalletBalance -->
  <testcase classname="tests.HydroPlusTableDataTest" name="verifyTableDataInAllTime" time="0.0">
    <skipped/>
  </testcase> <!-- verifyTableDataInAllTime -->
  <testcase classname="tests.HydroPlusTableDataTest" name="verifyTableDataInLastWeek" time="0.0">
    <skipped/>
  </testcase> <!-- verifyTableDataInLastWeek -->
  <testcase classname="tests.HydroPlusTableDataTest" name="verifyTableDataInWeekSoFar" time="0.0">
    <skipped/>
  </testcase> <!-- verifyTableDataInWeekSoFar -->
  <testcase classname="tests.HydroPlusTableDataTest" name="verifyTableDeltaPercentage" time="0.0">
    <skipped/>
  </testcase> <!-- verifyTableDeltaPercentage -->
  <testcase classname="tests.HydroPlusTableDataTest" name="verifyTableLastWeekComparisonDataOnUI" time="0.0">
    <skipped/>
  </testcase> <!-- verifyTableLastWeekComparisonDataOnUI -->
  <testcase classname="tests.HydroPlusTableDataTest" name="verifyTotalNodesAndSuiStaked" time="0.0">
    <skipped/>
  </testcase> <!-- verifyTotalNodesAndSuiStaked -->
  <testcase classname="tests.ManageNodesAmountsAndRewardsTest" name="verifyHydroAmountForNodes" time="0.0">
    <skipped/>
  </testcase> <!-- verifyHydroAmountForNodes -->
  <testcase classname="tests.ManageNodesAmountsAndRewardsTest" name="verifySuiAmountForNodes" time="0.0">
    <skipped/>
  </testcase> <!-- verifySuiAmountForNodes -->
  <testcase classname="tests.ManageNodesAmountsAndRewardsTest" name="verifySuiRewardsDollarValueForNodes" time="0.0">
    <skipped/>
  </testcase> <!-- verifySuiRewardsDollarValueForNodes -->
  <testcase classname="tests.ManageNodesAmountsAndRewardsTest" name="verifySuiRewardsForNodes" time="0.0">
    <skipped/>
  </testcase> <!-- verifySuiRewardsForNodes -->
  <testcase classname="tests.MyWebsitesTileDataTest" name="verifyAllTimeDataOnUI" time="0.0">
    <skipped/>
  </testcase> <!-- verifyAllTimeDataOnUI -->
  <testcase classname="tests.MyWebsitesTileDataTest" name="verifyDeltaPercentage" time="0.0">
    <skipped/>
  </testcase> <!-- verifyDeltaPercentage -->
  <testcase classname="tests.MyWebsitesTileDataTest" name="verifyLastWeekComparisonDataOnUI" time="0.0">
    <skipped/>
  </testcase> <!-- verifyLastWeekComparisonDataOnUI -->
  <testcase classname="tests.MyWebsitesTileDataTest" name="verifyLastWeekDataOnUI" time="0.0">
    <skipped/>
  </testcase> <!-- verifyLastWeekDataOnUI -->
  <testcase classname="tests.MyWebsitesTileDataTest" name="verifyWeekSoFarDataOnUI" time="0.0">
    <skipped/>
  </testcase> <!-- verifyWeekSoFarDataOnUI -->
  <testcase classname="tests.RewardsCalculationTest" name="calculateRewards" time="279.593"/>
  <testcase classname="testUtility.BaseTest" name="@AfterTest exitBrowser" time="0.0">
    <ignored/>
  </testcase> <!-- @AfterTest exitBrowser -->
  <testcase classname="testUtility.BaseTest" name="@AfterTest exitBrowser" time="0.0">
    <ignored/>
  </testcase> <!-- @AfterTest exitBrowser -->
  <testcase classname="testUtility.BaseTest" name="@AfterTest exitBrowser" time="0.0">
    <ignored/>
  </testcase> <!-- @AfterTest exitBrowser -->
  <testcase classname="testUtility.BaseTest" name="@AfterTest exitBrowser" time="0.0">
    <ignored/>
  </testcase> <!-- @AfterTest exitBrowser -->
  <testcase classname="testUtility.BaseTest" name="@AfterTest exitBrowser" time="0.0">
    <ignored/>
  </testcase> <!-- @AfterTest exitBrowser -->
  <testcase classname="testUtility.BaseTest" name="@AfterTest exitBrowser" time="0.0">
    <ignored/>
  </testcase> <!-- @AfterTest exitBrowser -->
  <testcase classname="testUtility.BaseTest" name="@AfterTest exitBrowser" time="0.0">
    <ignored/>
  </testcase> <!-- @AfterTest exitBrowser -->
  <testcase classname="tests.MyWebsitesTileDataTest" name="verifyLastWeekDataInApi" time="0.0">
    <ignored/>
  </testcase> <!-- verifyLastWeekDataInApi -->
  <testcase classname="tests.AddAndVerifyWebsiteTest" name="toVerifySiteNicknameOnMyWebsites" time="0.0">
    <ignored/>
  </testcase> <!-- toVerifySiteNicknameOnMyWebsites -->
  <testcase classname="testUtility.BaseTest" name="@BeforeTest launchBrowser" time="0.0">
    <ignored/>
  </testcase> <!-- @BeforeTest launchBrowser -->
  <testcase classname="testUtility.BaseTest" name="@BeforeTest launchBrowser" time="0.0">
    <ignored/>
  </testcase> <!-- @BeforeTest launchBrowser -->
  <testcase classname="testUtility.BaseTest" name="@BeforeTest launchBrowser" time="0.0">
    <ignored/>
  </testcase> <!-- @BeforeTest launchBrowser -->
  <testcase classname="testUtility.BaseTest" name="@BeforeTest launchBrowser" time="0.0">
    <ignored/>
  </testcase> <!-- @BeforeTest launchBrowser -->
  <testcase classname="testUtility.BaseTest" name="@BeforeTest launchBrowser" time="0.0">
    <ignored/>
  </testcase> <!-- @BeforeTest launchBrowser -->
  <testcase classname="testUtility.BaseTest" name="@BeforeTest launchBrowser" time="0.0">
    <ignored/>
  </testcase> <!-- @BeforeTest launchBrowser -->
  <testcase classname="testUtility.BaseTest" name="@BeforeTest launchBrowser" time="0.0">
    <ignored/>
  </testcase> <!-- @BeforeTest launchBrowser -->
</testsuite> <!-- Test -->
